2023-07-12 23:44:53,817 INFO [main] File 'D:/alfa.notebook-store/src/main/resources/config.properties' has been loaded 
2023-07-12 23:44:53,821 INFO [main] Property 'userLastname' has value 'Maistrenko' 
2023-07-12 23:44:53,981 INFO [main] Connected to database successfully 
2023-07-12 23:44:53,982 INFO [main] =============================================== 
2023-07-12 23:44:53,982 INFO [main] Start web scenario 'check that the user can navigate to an empty basket dropdown' 
2023-07-12 23:44:53,982 INFO [main] =============================================== 
2023-07-12 23:44:53,983 INFO [main] File 'D:/alfa.notebook-store/src/main/resources/config.properties' has been loaded 
2023-07-12 23:44:53,983 INFO [main] Property 'browserForWeb' has value 'chrome' 
2023-07-12 23:44:53,999 INFO [main] File 'D:/alfa.notebook-store/src/main/resources/config.properties' has been loaded 
2023-07-12 23:44:54,000 INFO [main] Property 'url' has value 'https://enotes.pointschool.ru' 
2023-07-12 23:44:54,000 INFO [main] File 'D:/alfa.notebook-store/src/main/resources/config.properties' has been loaded 
2023-07-12 23:44:54,000 INFO [main] Property 'url' has value 'https://enotes.pointschool.ru' 
2023-07-12 23:44:54,000 INFO [main] File 'D:/alfa.notebook-store/src/main/resources/config.properties' has been loaded 
2023-07-12 23:44:54,001 INFO [main] Property 'username' has value 'test' 
2023-07-12 23:44:54,001 INFO [main] File 'D:/alfa.notebook-store/src/main/resources/config.properties' has been loaded 
2023-07-12 23:44:54,001 INFO [main] Property 'password' has value 'test' 
2023-07-12 23:44:56,037 DEBUG [main] Get connection for route {s}->https://enotes.pointschool.ru:443 
2023-07-12 23:44:56,065 DEBUG [main] Connecting to enotes.pointschool.ru:443 
2023-07-12 23:44:56,698 DEBUG [main] CookieSpec selected: ignoreCookies 
2023-07-12 23:44:56,699 DEBUG [main] Auth cache not set in the context 
2023-07-12 23:44:56,699 DEBUG [main] Target auth state: UNCHALLENGED 
2023-07-12 23:44:56,700 DEBUG [main] Proxy auth state: UNCHALLENGED 
2023-07-12 23:44:56,700 DEBUG [main] Attempt 1 to execute request 
2023-07-12 23:44:56,700 DEBUG [main] Sending request: GET /login HTTP/1.1 
2023-07-12 23:44:56,701 DEBUG [main]  >> "GET /login HTTP/1.1[\r][\n]" 
2023-07-12 23:44:56,702 DEBUG [main]  >> "Accept: */*[\r][\n]" 
2023-07-12 23:44:56,702 DEBUG [main]  >> "Host: enotes.pointschool.ru[\r][\n]" 
2023-07-12 23:44:56,702 DEBUG [main]  >> "Connection: Keep-Alive[\r][\n]" 
2023-07-12 23:44:56,702 DEBUG [main]  >> "User-Agent: Apache-HttpClient/4.5.13 (Java/11.0.15)[\r][\n]" 
2023-07-12 23:44:56,702 DEBUG [main]  >> "Accept-Encoding: gzip,deflate[\r][\n]" 
2023-07-12 23:44:56,703 DEBUG [main]  >> "[\r][\n]" 
2023-07-12 23:44:56,703 DEBUG [main] >> GET /login HTTP/1.1 
2023-07-12 23:44:56,703 DEBUG [main] >> Accept: */* 
2023-07-12 23:44:56,703 DEBUG [main] >> Host: enotes.pointschool.ru 
2023-07-12 23:44:56,703 DEBUG [main] >> Connection: Keep-Alive 
2023-07-12 23:44:56,703 DEBUG [main] >> User-Agent: Apache-HttpClient/4.5.13 (Java/11.0.15) 
2023-07-12 23:44:56,703 DEBUG [main] >> Accept-Encoding: gzip,deflate 
2023-07-12 23:44:56,811 DEBUG [main]  << "HTTP/1.1 200 OK[\r][\n]" 
2023-07-12 23:44:56,816 DEBUG [main]  << "Server: nginx[\r][\n]" 
2023-07-12 23:44:56,817 DEBUG [main]  << "Date: Wed, 12 Jul 2023 20:44:19 GMT[\r][\n]" 
2023-07-12 23:44:56,817 DEBUG [main]  << "Content-Type: text/html; charset=UTF-8[\r][\n]" 
2023-07-12 23:44:56,817 DEBUG [main]  << "Transfer-Encoding: chunked[\r][\n]" 
2023-07-12 23:44:56,817 DEBUG [main]  << "Connection: keep-alive[\r][\n]" 
2023-07-12 23:44:56,817 DEBUG [main]  << "Vary: Accept-Encoding[\r][\n]" 
2023-07-12 23:44:56,818 DEBUG [main]  << "X-Powered-By: PHP/7.2.34[\r][\n]" 
2023-07-12 23:44:56,818 DEBUG [main]  << "Set-Cookie: PHPSESSID=93ee5a3e25411440f47974d1af8acf05; path=/; HttpOnly[\r][\n]" 
2023-07-12 23:44:56,818 DEBUG [main]  << "Expires: Thu, 19 Nov 1981 08:52:00 GMT[\r][\n]" 
2023-07-12 23:44:56,818 DEBUG [main]  << "Cache-Control: no-store, no-cache, must-revalidate[\r][\n]" 
2023-07-12 23:44:56,819 DEBUG [main]  << "Pragma: no-cache[\r][\n]" 
2023-07-12 23:44:56,819 DEBUG [main]  << "Set-Cookie: _csrf=87105b7e2ca0b5be4fe6e797d205c6c89c51a7d5bb6607574375e60d6f539742a%3A2%3A%7Bi%3A0%3Bs%3A5%3A%22_csrf%22%3Bi%3A1%3Bs%3A32%3A%22QmUMl5p7JollRZbAjnOW73L3ilM3Mmzh%22%3B%7D; path=/; samesite=Lax; HttpOnly[\r][\n]" 
2023-07-12 23:44:56,819 DEBUG [main]  << "Content-Encoding: gzip[\r][\n]" 
2023-07-12 23:44:56,819 DEBUG [main]  << "[\r][\n]" 
2023-07-12 23:44:56,821 DEBUG [main] Receiving response: HTTP/1.1 200 OK 
2023-07-12 23:44:56,821 DEBUG [main] << HTTP/1.1 200 OK 
2023-07-12 23:44:56,822 DEBUG [main] << Server: nginx 
2023-07-12 23:44:56,822 DEBUG [main] << Date: Wed, 12 Jul 2023 20:44:19 GMT 
2023-07-12 23:44:56,822 DEBUG [main] << Content-Type: text/html; charset=UTF-8 
2023-07-12 23:44:56,822 DEBUG [main] << Transfer-Encoding: chunked 
2023-07-12 23:44:56,822 DEBUG [main] << Connection: keep-alive 
2023-07-12 23:44:56,822 DEBUG [main] << Vary: Accept-Encoding 
2023-07-12 23:44:56,822 DEBUG [main] << X-Powered-By: PHP/7.2.34 
2023-07-12 23:44:56,823 DEBUG [main] << Set-Cookie: PHPSESSID=93ee5a3e25411440f47974d1af8acf05; path=/; HttpOnly 
2023-07-12 23:44:56,823 DEBUG [main] << Expires: Thu, 19 Nov 1981 08:52:00 GMT 
2023-07-12 23:44:56,823 DEBUG [main] << Cache-Control: no-store, no-cache, must-revalidate 
2023-07-12 23:44:56,823 DEBUG [main] << Pragma: no-cache 
2023-07-12 23:44:56,823 DEBUG [main] << Set-Cookie: _csrf=87105b7e2ca0b5be4fe6e797d205c6c89c51a7d5bb6607574375e60d6f539742a%3A2%3A%7Bi%3A0%3Bs%3A5%3A%22_csrf%22%3Bi%3A1%3Bs%3A32%3A%22QmUMl5p7JollRZbAjnOW73L3ilM3Mmzh%22%3B%7D; path=/; samesite=Lax; HttpOnly 
2023-07-12 23:44:56,823 DEBUG [main] << Content-Encoding: gzip 
2023-07-12 23:44:56,844 DEBUG [main] Connection can be kept alive indefinitely 
2023-07-12 23:44:56,894 DEBUG [main] Parsing response as: text/html; charset=UTF-8 
2023-07-12 23:44:56,895 DEBUG [main]  << "a5b[\r][\n]" 
2023-07-12 23:44:56,896 DEBUG [main]  << "[0x1f][0x8b][0x8][0x0][0x0][0x0][0x0][0x0][0x0][0x3][0xed][0x1a]mo[0xdb][0xc6][0xf9][0xbb][0xc5][0x95][0x9]"[0x19][0xd3][0x91][0xb2][0xe3][0xa4][0x89]-[0x19][0xcb][0x8b][0x8d]dM[0xec][0xc4]I[0xba].[0xae][0x17][0x9c][0xc8][0x93]x6[0xdf][0xca];ZR[0x2][0x3]M[0x8b][0xee][0xcb][0x6][0xa4][0xdb]>[0xec][0xc3]0l[0xc0]~[0xc0][0x8c][0xac][0xd9][0xdc][0xe5][0xa5][0x81][0xfa]G{[0xee]HJ$E9v[0x90][0xa2][0xf9]P[0x6][0xe][0xc9][0xbb][0xe7][0xfd][0xed][0x9e];[0xb1][0xf5][0xd1][0xf5][0xcd]k[0xf7]sg[\r][0xd9][0xc2]uV[0xe7]Z[0xf2][0x86][0x1c][0xe2][0xf5][0xda][0x1a][0xf5][0xf0][0x83]{[0x9a][0x1c][0xa3][0xc4]Z[0x9d]Cp[0xb5]\*[0x8]2m[0x12]r*[0xda][0xda][0x83][0xfb][0xeb][0xf8][0x92][0x96][0x9f][0xb2][0x85][0x8]0[0xfd]"b[0xfb]m[0xed]3[0xfc][0xe0][\n]" 
2023-07-12 23:44:56,897 DEBUG [main]  << "[0xbe][0xe6][0xbb][0x1][0x11][0xac][0xe3]P[\r][0x99][0xbe]'[0xa8][0x7]x7[0xd7][0xda][0xd4][0xea][0xd1][0x2][0xa6]G\[0xda][0xd6][0xf6][0x19][0xed][0x7]~(r[0xc0]}f[0x9][0xbb]m[0xd1]}fR[0xac]^[0x1a][0x88]yL0[0xe2]`n[0x12][0x87][0xb6][0x17]RB[0x8a][0x98]`[0xc2][0xa1][0xab][0xf1][0xb7][0xf1][0xf3][0xd1]W[0xf1][0x9b][0xd1][0x97][0xf1]Q[0xfc][0xdf][0xf8]p[0xf4][0xbb][0xf8]h[0xf4][0xac]e$[0xb3]SlM[0x1e]vq@B[0xe2][0xe6][0x18]?[0x92][0xa3]R[0xff]2[0xa0][0xf0][0xf7][0xa8][0x97][0x3]\[0xb0][0xb7]6[0xcf][0x7][0x9f]\[0xda][0xb8][0xbb][0xb5]y}[0xc3][0xbd]p[0xf1]*[0xa3][0x8f][0x1e][0xde][0xee][0xf6]H[0xff][0xae]c[0xf]:7[0xb5][0xd5][0xb4][0xae][0xe][0x96][0xfa][0xf8][0x6][0xdd][0x8a][0xee]?[0xf2][0x9d][0xf5][0xdb][0xfd][0xad]]a[0xfd][0xfa][0xe2][0xdd][0xfd][0xe1]%[0xfc][0xd9][0x8d]M<[0xb0][0x7][0xeb]k7[0xd7]?[0xb6][0x1f]3ok[0xf8][0xf0]a[0xbf][0xdd][0x6][0xde]s-[0x87]y{[0xc8][0xe]i[0xb7][0xad][0x19]&[0xe7][0x6]g[0x82][0xea][0xf0][0xa0][0xa1][0x90]:m[0x8d][0x8b][0xa1]C[0xb9]M[0xa9][0xd0]V[F[0xe2][0xa9]V[0xc7][0xb7][0x86][0x12][0xd7]b[0xfb][0xc8]t[0x8][0xe7]`[0xc5][0x90][0x4][0x99][0xbd]=2[0x1e][0x86][0xc7][0xe][0x9]Qr[0xc3]t[0x10][0x10][0xcf][0xc2]N[0xf][0x5]C[0xdc][0xcc][5GI[0xaa]M[0x98]GC[0xc4]mb[0xf9]}[0xcc]][0xd4][0xe9][0xe1][0xbe][\r][0x82][0xa1][0xd0][0x8f]<[0x8b]Z[0x12][0xff]|[0xe]_[0xd1] E[0xa6][0xb8][0x13][0x2]3-[0xd3]M[[0xdd][0xfc][0x4]o[0xf8][0x82][0xf2][0x96]AJ[0x98][0x9d]H[0x8][0xdf]+[0xa1][0xb][0xbf][0xd7]sh[0xa8]!1[0xc][0xc0]3[0x9][0x8c][0x86],"H:'eu[0x1c][0x12]p[0x9a][\r][0x93][0xb0]'[0xe3][0xf6]LBb[0x83][0xec]k[0x88][0x84][0x8c]`[0xa9]S[0xe8];c[0xe2][0x93][0x99][0xc4]$[0xd4]jk][0xe2]HBj[0xd4]![0x1d]i[0xfc][0xfb][0x8a][0x8d][0xb4][0x1e][0xeb]A[0x90][0x3][0xfb][0xa2][0xe0]Jx[0xe][0x4][0xaa]E[0xc7][0xcc][0x94](-C[0x82][0x94]T6[0x12]}J[0xa3][0x5]7$[0xaa]e[0xbe][0x9b][0xa8][0xca][0xac][0xbc][0x1a][0x15][0x12]ENI[0x1e][0x19][0x10][0xae][0x83]I$|d[0xe1][0xae]C[0x7][0x88]8[0xac][0xe7]ap[0xa9][0xcb]1[0x17]![0x15][0xa6]]AJ[0x91]sX[0x8e][0x9c]B[0x1][0x9d][0xf2][0xce][0xc6]2[0x86]s[0x8e][0x8e][0xff][0x1c][0xbf][0x8c][0xf][0xe3][0xe7][0xf1]kH[0xcc]g[0xa9][0xfa][0xd2][0xeb]-[0xc3]a[0xab][0xa7][0xa5][0x17][0xd2][0x1e][0x3][0x9]S[0xfb][0xc7][0xff][0x88]_[0xc4][0xff][0x86]d:[0xfa][\n]" 
2023-07-12 23:44:56,897 DEBUG [main]  << "[0x92][0x9c][0xf8][0xef]H[0xdc][0xf1]{LR[0xfd][0xd3][0xe8][0x9b][0xf8]M[0xfc][0xdd][0x98][0xce][0x94][0x11][0x8c][0xc8]){[0x10][0x9c][0x95][0xcb][0xa0][0xc9]k[0xcb][0x0]6[0x90][0x9e]3[0x13][0xab][0xca]g98Y[0x1]p*XB[0xc4]^[0x98]Y[0xf0]`*[0xe5][0x14][0xac][0xc6][0x7][0x1d][0xfe][0x3][0x96]9[0xfa]:[0xfe]^Z(>l [0x9][0x1d][0xff][0x0]3/[0xc1][0x1f]G0[0xf6][0x2]%[0xaf][0xa3]g([0xfe].[0xb9][0x1d]N[0x13][0x8f][0x8f][0x96][FP[0xa1]F[0xe8][0xf7]gV[0xe][0x7]j[0xb][0xbe]P.[0xc]]?tU[0xd4]*[0xa5][0xb0]|[0xd5]2[0x9c]=:[0x8c][0x2][0xbc][0xf][0xe1]h%[0x1e]F[0xc4][0x94][0xf7][0xb1]o[0x10]Tg[0xdb][0x7][0xe4][0xc0][0xe7]BVk[0xe6][0x5][0x91]H[0x8b][0x82][0xcd],K[0x96][0xea][0xa4]x'[0x5][0x1d][0x1][0xb1][0x88][0xfe][0xa8]U[0xfb]8[0xef]I[0xed]p[0xf][0xea]d[0x80][0xba][0x8c]:V[0xe2]I5[0x1a]q[0x1a]JI[0xa1][0xb2][0xc3][\n]" 
2023-07-12 23:44:56,897 DEBUG [main]  << "[0x1a]RK[0xaa]S[0x89][\n]" 
2023-07-12 23:44:56,897 DEBUG [main]  << "1[0xab]JP>tBi]9[0xa8]![0x0]L[0x8d]Y[0xa0][0xb]q[0xfc]Wp,dG[0xfc][0x1a][0xa2]X[0xc2][0xae][0x16][0xcc]%[0xe8]@h[0x13]O[0x14][0x91][0xb]R[0xa4][0xc]3[0xcb][0xde][0x92][0xe0][0xeb]0[0xb1][0x9d][0x81][0xef][0x80]c[0xc8][0xc0][0xa1]^[0xf][0x16]om[0xf1][0xc2][0x5][\r][0x5][0xe]1[0xa9][0xed];[0x16][0x5][0xe9]&[0x92][0xa0][0xf8][0x10]zG[0x90][0xb6][0xaf]e@[0x2][0x1e][0xf3]2[0xbc][0xf3][0xda][0xd8][0x16]m-[0xad][0xbd][0x93][0x1][0x11]F[0xa0]S[0xde]B[0xcc]S[0x91][0x82][0xbb][0x94]Z[0x1d]b[0xee]i[0xb3]b[0xfe]9[0xfc]{[0x1][0xd1][0x9d][0xc6][0xfb][0xcb][0xb1]0[0xf5][0xf8][0x95][0xbc][0xc3][0xdf]+@x[0x85][0xce][0xa3][0xd1]S[0xf9][0x2][0xf0]2C[0xe][0xe7][0x93]DN[0xd3][0xb9][0x94][0xe4][0xa7][0xf4]w[0x0][0x0]}?[0xb4][0xde][0xb7][0xbf]3[0xba]J[0xfb]CHZ[0x99][0xcc][0xa8][0xf4][0xf8][0x18][0xb4][0xe4][0xf5][0xc9][0xf8][0x89][0xbc][0x9e][0x81][0xef][0x8c][0xb3][0xeb]m[0xee][0xcf][0x9][0xf6]![0x4][0xc0][0xf]9qN[0x1a][0x2]9[0xb6]4[0xc][0xfd]pl[0xb4]1w[0xe4][\n]" 
2023-07-12 23:44:56,897 DEBUG [main]  << "[0xbc][0x4]"[0xfc][\r]X[0x1];[0xe0][0xf0]z[0xf4][0xfb][0xf8][0xfb]|[0xbc][0xc1][0xa0]{A[0x80][0xf7][0x18]a!u[0xa9][0xdb][0xa1][0xa1][0xcc][0xfd]Bh[0x99]65[0xf7]:[0xfe]@[0xe]'[0x91]U[0x8a][0xa1]"[0xe6][0xec][0x9a]:[0x89][0x81][0xc][0xe3]6[0x9d]D[0x1][0xf4][0x90][0x5][0xdc]1[0xdb]R[0xb8][0xe5][0xb8][0x9d][0x88][0xee][0x2][0xc4][0xa5]$E[0xa1][0xdb][0x8d][0xff][0x92][0xae]_[0xaf][0x92][0xf5]K[0x6][0xd4]+[0x15]L[0xcf][0xe6][0xb2][0x98][0x9f]k[0x5][0x99][0xe6]6u[0x2][0xdc]q|[0xf0][0xce][0xe4][0x11]+[0x7][0xca]VL[0xae]h[0xef]b[0xfa]Y[0xcd]Q[0xda][0xba]&[0xea][0xf3][0xa8][0xe3]21[0xce][0xa9][0x8e][0xf0][0x10][0xfc][0xe1] d.[0x9][0x87][0x99][0xea][0xc9]*8[0xee]g[0x19]'[0xb0]{[0x2]seO[0xf9]v$[0xed][0x12][0xa7][0xdb][0x11]%z[0xa9]![0x91][0xd2][0xae][0x96]@r[0x8f][0xd3]#[0x93][0xb5]][0xba][0x8b][0xba][0x84]97[0x8][0xdf][0xf0][0xbd]5[0xaf][0xe7]0n[0xdf][0x1b][0xba][0x1d][0xe8][0x9a][0xc7][\n]" 
2023-07-12 23:44:56,898 DEBUG [main]  << "[0x9][0x9f][0xc0][0x1a][0x8c][0xd4][0x9e]D-[0xc8]L.[0xd5][0xcb][0x10][0x96][0x3]j[0xad] [0xe1][0x7][0xcb]h[0xb1][0x19][0xc]VP[0xc8]z[0xb6][0xc8]^[0x1e]c[0x6]-[0xf6]`[0x19][0xe1][0xcb][0x97]/[0xaf][0xa4][0xbd][0xba]E[0x1d]2[0x84][0x2][0xd0]l[0xce][0xda][0x88](nXny[0xa6]Z[0xa6][0x16]4[0x84][0xbe][0xd7][0xcb] [0xdd]P[0xf5][0xb6]`[0xb8][0xa6]i/[0xa3][0xe5][0xa5][0xc][0x12]Yw[0xa0][0x3]U[0xe0][0xd5][0xbb][0x8e][0xe2][0xf6]"[0xa3][0xe8][0xe0]E[0xe4]v[0xf0][0x2][0xc][0xf8][0xe3][0xfd][0x5]x[0xc8]e9C[0xe4][0xf7][\n]" 
2023-07-12 23:44:56,898 DEBUG [main]  << "[0xd7][0x14][0xdc][0xac][0xfd][0x81][0x82]L2++k[0xe7][0x4]s)_9[0xd9][0xee][0xa0][0xdc]mN[0x99]In[0x9]K[0xdc][0xd7][0xa4]?[0x11][0x98][0xe0][0x5]R[0x16]y[0x9]e[0x12],"[0xab][0x1d][0xc4][0x96]*WP7UB[0x8d][0xbe][0x1c]}[\r][0xa5][0xf3])T[0xea][0xa3][0xd1]7[0xc5]z[0xf8]&~[0xae]W[0xb7][0xb9][0xb9][0x18][0xe2]f[0xc8][0x2]1[0xe1]o[0xf9]f[0xe4][0xc2][0xe6]Y'[0x96][0xb5][0xb6][0xf][0xf][0xb7][0xa0][0x87][0xa7][0xd0][0xfb][0xd6][0xb5][0xeb][0x9b][0xb7][0xaf]%;[0xeb][>[0xb8][0xd6][0xd2][0x1a][0xa8][0x1b]y[0xaa][0xe9][0xab]S[0x9]:[0x8f][0x9e][0x14][0xf4]8[[0xcf][0xe6]Q[0xbd]<'[0xaf][0xf1],[0xb7][0xfd][0xfe]}i[0x8d]:[0xb3][0xaa][0x0][0x13]b0'[0xf7][0xd7][0xf5]Z[0x1a][0x96][0xb5][0x6][0xaa]A\[0xd6][0xe6]W[0x8e]APF[0xae][0xd7]$[0x87]*[0xc0][0x83][0xb9][0xb9]i[0xbc][0x9a][0x9e][0xd4][0x83]\w[[0x9b]O[0xc7]r*[0xd1]Y[0xa2]R=[0x8][0x95]A[0xae][0xd3].[0x89][0x1c]Q[0x9f]!![0xd5]9d[0xde][0x9d][0xd0][0xf]H[0xb2]K[0x95][0x80][0x95][0x90][0xe][0x15][0xe8][0xac][0xea][0xc6][0xdb] [0x9f][0xb0][0x19][0x9f]AR[0x2]fp[0xf2][0xbe][0xdd][0xdc]9[0x86]$[0xe3][0x9f]J[\r][0x1]X[0xc2][0xea][0xaa]r[0xab][0x11]&[0x86][0xc7][0xca][0xa2]*[0xce][0x1d]"[0x4][0xf4][0x94][0x80]m[0xfc]v[0x9b][0xe0][0xc7]M|[0xf9][0x11][0xde][0xf9][0xc5]/[0xd3]gx[0xfc]\[0x97][0xcf];O[0x16][0x1b][0x17][0xf][0xce][0x1a]l[0xb6][0xc8]g[0x15][0xc1]u[0xb9]Hf[0x92][0xeb]]pr[0xbd][0xa6][0x16][0xa9][0xed]$[0xd5][0x15][0x90][0xb6]3[0xcb][0xe1][0xac][0x8b][0xea][0x12][0xd0][0xef][0xe6][0xe9][0xe9][0xe0]D[0x88][0xbe][0x8f][0xda][0xa8]&O@[0x80]*[0xb5]j[0xe8][0xdc][0xb9]i[0x18][0x9d]S[0x12][0x9a]v=[0xaf][0x9c]Dl[0xa3][0xe6],O+[0xb6][0x13]#[0xca][0x83][0x88][0x95][0x99][0x80]y[0x86][0x90]][0xd7]d[0x15][0x0][0x5]9N{[0xa3]Yz[0x1d] [\n]" 
2023-07-12 23:44:56,898 DEBUG [main]  << "t[0x8f][0x91] O[0x18][0x16]e[0x9f][0x9e][0x9c][0xf6][0xdc]LS[0xa6]z[0x1d][0xab]:[0x80]%[0xce][0xb2][0x9]Oy[0xf2]([0x90][0xe7][0x84]j[0xb3]X[0x9b]?[0xe][^'M[0x95][0x9][0xfc]IS&[0xbb]&[0xb5][0xa5]vF[0xd9][0xe9][0x1e][0xf5][0xac][\r]_[0xb0].3[0xd3][0xd4][0x9e][0xcd][0xf2]`[0xee]T[0xba][0xe7]O<>[0x18][0x3][0xf4]![0x8f][0xfc][0xbe][0xe][0xdd][0x94][0x82][0xd7][0xe5][0x1][\n]" 
2023-07-12 23:44:56,898 DEBUG [main]  << "[0x4]k[0xcd][0xe0][0xac][0xe7]EA[0xed]8[0xed]+G[0xdf][0x16][0x8e][0xa7]Q[0xa9]R[0x9d]Sx"[0xf1][0xc0]$[0x9b][0xfa][0x84]gU[0x9b]V[0x6][0xfd][0x81]4We[0xcd]/[0x1f]h Uz[0x1a]hzB[0xee][0xc6]IH[0x9],[\n]" 
2023-07-12 23:44:56,898 DEBUG [main]  << " pM[0xcd][0xd7]&[0x8b]a[0xf5]b'[0xaf][0x8a]2[0xae][0xab]6EFg[0x12]/[0xef][0xa3][0xac][0x9f]M[0x96][0xaa][0xab]I[0x9b]T[0xac][0xa7][0xdb][0x85][0x86]W[0xd5][0xd2][0x9f][0x97][0x87][0x9f][0x97][0x87][0x1f]ey([0xc4]a[0xca][0xfa][0x8a][0x10]a[0xbd][0x96][0xed][0x98][0xde]][0xa7][0x2]iR$[\n]" 
2023-07-12 23:44:56,898 DEBUG [main]  << "}[0xe1][[0x19][0xbc][0xcf]r2E%IfT[0x8e]KU-:N[0x14][0x9e][0xa8]X[0xa8][0x5]&-[0x12][0x85][0x0]4[0xb6][0xe3]C<z[0x16][0x8b][0xe3][0x8d][0xfe][0x18]?[0xdd]1T[0xfc][0xe2][0x85][0xf9][0xe9][0xc5][0xae]jW8K[0x8f]Y[0xef][0xd9]3lx[0xd2][0xcd]B[0xb6][0x83]Hw[0xf][0x88][0x87]f[3[0xc0]bTp[0x83]t[0x17][0x97]:[0xb][0x97][0x9b][0xc6][0xee][0x17][0x11][\r][0x87][0xfa].W[0xbf][0xa4]d[0xa8]U([0x97][0x97][0xc8][0xc7][0xcd][0xa5]&5[0x86][0x8c][0x9d][0x1a]~R[0x98]O[0x8d]*O[0xac][0xf7][0xa9]<[0xcc][0xa8]F][0xdd][0xbd]+U[0xc8][0xf5][0xfc]g[0xa5][0xb7][0xd2][0xd1][0xda][0x99][0xc9][0xb1]88[0x17][0x8]^[0x19][0xd3][0xab]o?[0xd1][0x98][0xa5]-W[0x9d][0xd7]64u[[0xd6]r#[0x93][0x9f][0x18][0x96]5}[0xd6][0xf1]3[0xc0][0xa9]z[0x7]0g*g[0x93][0xc3][0x12][0xa0]09@[0xd1][0xa7][0xce]R[0x1a]Z[0x16][0xd1][0xda][0xf2]D1[0x99]B[0xc]6[0xaf][0xb4][0x91][0x1c][0xe5]4[0x10][0xec]q9[0xe9]Q[0xde]@P[0x16][0x1][0x95]Z[0x8d]$?[0xc0][0x4]%[0xbb]g[0x7][0xf5])[0xd4]'Z[0xfa][0xc]R[0xe5]N[0x96]M[0xe2]y[0xbe]@[0x1d][0x8a]:[0xe][0xf1][0xf6]t[\r]b[0xec][0xe0][0xa0]1e[0xb3][0xf1]i[0xe7][0xd8]f[0xb9][0x91]cm[0x96][0x83][0xab][0xb0]Yn[0xf6][0x3][0xb7]Y[0xfe]8[0xf6][0xa4]V[0xcb][0x1d][0xda][0x8d][0xed]69[0xac]{[0x9b][0xe5][\n]" 
2023-07-12 23:44:56,898 DEBUG [main]  << "[0xd8][0x15][0xb6]+[0xcc][0xff]T[0xd6][0xeb][0xf8][0xbe]C[0x89]We<yH[0xf3][0xa9][0x1c][0x6][0xb1][0x16][0x80][0xb7]Zv[0xb3][0x81]&[0xc][0xe4][0xac];[0xfb][0x84][0x12][0xb9][0x11]W[0xa6][0xa6]L[0xd8]4D[0x9f]G[0xcd][0xe6][0xe2][0xe2]BrC~6[0xd0]Ln:[0x90][0xe5]{,[0xd8][0xf4][0xd6][0xdc]@[0xc][0xb5][0xe5][0x5][0xe5][0x9a][0x9d][0x6][0xda][0xde][0x81][0xea][0x9]/[0xb9][0xda][0xa2]>[0x1c](#[0x90][0xfd][0xae][0x19]8[0x11][0x18][0xda][0x0][0xfd][0x84][0xdc]I[0x4][0xea][0xd3][0x82][0xf1][0x9b][0xee]2O}cpB2]p4&}[0xca]}[0x97]*J[0xf9][0x81]<[0xb1]B[0xa9][0x9c][0x92]a[0xb7],B[0xa9]Z[0xe6]>[0x85][0x90][0xdf][0x99][0xf0]e[0xc3]0-o[0x97][0xcb][0xe6]6[0xb2][0xba][0xe]4[0xcb][0xba][0xe9][0xbb][0x6][0xd9]%[0x3][0xc3]a[0x1d]np[0xea]PS,[0x1a]KzS[0xbf][0x88]CSo&[0xdf]P$[0xc3]c[0xc9][0xa6][0xf5]3J[0xc2][0xbe];[0xbf][0xdd]"[0xbb][0xa2]J[0xb0][0xc4]%[0xdf]j[0xb4][0x8c][0xe4][0xfb][0x9b][0xff][0x3][0x2][0x8c][0xe7] [0x90]#[0x0][0x0]" 
2023-07-12 23:44:56,898 DEBUG [main]  << "[\r][\n]" 
2023-07-12 23:44:56,898 DEBUG [main]  << "0[\r][\n]" 
2023-07-12 23:44:56,899 DEBUG [main]  << "[\r][\n]" 
2023-07-12 23:44:56,907 DEBUG [main] Parsed data to instance of: class org.apache.http.conn.EofSensorInputStream 
2023-07-12 23:44:57,065 DEBUG [main] Releasing connection org.apache.http.impl.conn.ManagedClientConnectionImpl@6f9999f6 
2023-07-12 23:44:57,065 DEBUG [main] Connection can be kept alive indefinitely 
2023-07-12 23:44:57,323 DEBUG [main] Get connection for route {s}->https://enotes.pointschool.ru:443 
2023-07-12 23:44:57,326 DEBUG [main] Connecting to enotes.pointschool.ru:443 
2023-07-12 23:44:58,009 DEBUG [main] CookieSpec selected: ignoreCookies 
2023-07-12 23:44:58,009 DEBUG [main] Auth cache not set in the context 
2023-07-12 23:44:58,009 DEBUG [main] Target auth state: UNCHALLENGED 
2023-07-12 23:44:58,009 DEBUG [main] Proxy auth state: UNCHALLENGED 
2023-07-12 23:44:58,009 DEBUG [main] Attempt 1 to execute request 
2023-07-12 23:44:58,010 DEBUG [main] Sending request: POST /login HTTP/1.1 
2023-07-12 23:44:58,010 DEBUG [main]  >> "POST /login HTTP/1.1[\r][\n]" 
2023-07-12 23:44:58,010 DEBUG [main]  >> "Cookie: path=/; samesite=Lax; PHPSESSID=93ee5a3e25411440f47974d1af8acf05; _csrf=87105b7e2ca0b5be4fe6e797d205c6c89c51a7d5bb6607574375e60d6f539742a%3A2%3A%7Bi%3A0%3Bs%3A5%3A%22_csrf%22%3Bi%3A1%3Bs%3A32%3A%22QmUMl5p7JollRZbAjnOW73L3ilM3Mmzh%22%3B%7D[\r][\n]" 
2023-07-12 23:44:58,010 DEBUG [main]  >> "Accept: */*[\r][\n]" 
2023-07-12 23:44:58,010 DEBUG [main]  >> "Referer: https://enotes.pointschool.ru/login[\r][\n]" 
2023-07-12 23:44:58,010 DEBUG [main]  >> "Content-Type: application/x-www-form-urlencoded; charset=ISO-8859-1[\r][\n]" 
2023-07-12 23:44:58,010 DEBUG [main]  >> "Content-Length: 184[\r][\n]" 
2023-07-12 23:44:58,010 DEBUG [main]  >> "Host: enotes.pointschool.ru[\r][\n]" 
2023-07-12 23:44:58,011 DEBUG [main]  >> "Connection: Keep-Alive[\r][\n]" 
2023-07-12 23:44:58,011 DEBUG [main]  >> "User-Agent: Apache-HttpClient/4.5.13 (Java/11.0.15)[\r][\n]" 
2023-07-12 23:44:58,011 DEBUG [main]  >> "Accept-Encoding: gzip,deflate[\r][\n]" 
2023-07-12 23:44:58,012 DEBUG [main]  >> "[\r][\n]" 
2023-07-12 23:44:58,012 DEBUG [main] >> POST /login HTTP/1.1 
2023-07-12 23:44:58,012 DEBUG [main] >> Cookie: path=/; samesite=Lax; PHPSESSID=93ee5a3e25411440f47974d1af8acf05; _csrf=87105b7e2ca0b5be4fe6e797d205c6c89c51a7d5bb6607574375e60d6f539742a%3A2%3A%7Bi%3A0%3Bs%3A5%3A%22_csrf%22%3Bi%3A1%3Bs%3A32%3A%22QmUMl5p7JollRZbAjnOW73L3ilM3Mmzh%22%3B%7D 
2023-07-12 23:44:58,012 DEBUG [main] >> Accept: */* 
2023-07-12 23:44:58,012 DEBUG [main] >> Referer: https://enotes.pointschool.ru/login 
2023-07-12 23:44:58,012 DEBUG [main] >> Content-Type: application/x-www-form-urlencoded; charset=ISO-8859-1 
2023-07-12 23:44:58,012 DEBUG [main] >> Content-Length: 184 
2023-07-12 23:44:58,012 DEBUG [main] >> Host: enotes.pointschool.ru 
2023-07-12 23:44:58,012 DEBUG [main] >> Connection: Keep-Alive 
2023-07-12 23:44:58,012 DEBUG [main] >> User-Agent: Apache-HttpClient/4.5.13 (Java/11.0.15) 
2023-07-12 23:44:58,012 DEBUG [main] >> Accept-Encoding: gzip,deflate 
2023-07-12 23:44:58,014 DEBUG [main]  >> "LoginForm%5Busername%5D=test&LoginForm%5Bpassword%5D=test&LoginForm%5BrememberMe%5D=1&_csrf=1hRO3pK8NQRODNm56Bie_ZMfgawvQlhxbIJR0dBx4w-HeRuT_olFMwRjtdW6Qvy8-XHO-xhxFEIF7hzinRyZZw%3D%3D" 
2023-07-12 23:44:58,139 DEBUG [main]  << "HTTP/1.1 302 Found[\r][\n]" 
2023-07-12 23:44:58,139 DEBUG [main]  << "Server: nginx[\r][\n]" 
2023-07-12 23:44:58,139 DEBUG [main]  << "Date: Wed, 12 Jul 2023 20:44:20 GMT[\r][\n]" 
2023-07-12 23:44:58,139 DEBUG [main]  << "Content-Type: text/html; charset=UTF-8[\r][\n]" 
2023-07-12 23:44:58,139 DEBUG [main]  << "Transfer-Encoding: chunked[\r][\n]" 
2023-07-12 23:44:58,139 DEBUG [main]  << "Connection: keep-alive[\r][\n]" 
2023-07-12 23:44:58,140 DEBUG [main]  << "X-Powered-By: PHP/7.2.34[\r][\n]" 
2023-07-12 23:44:58,140 DEBUG [main]  << "Expires: Thu, 19 Nov 1981 08:52:00 GMT[\r][\n]" 
2023-07-12 23:44:58,140 DEBUG [main]  << "Cache-Control: no-store, no-cache, must-revalidate[\r][\n]" 
2023-07-12 23:44:58,140 DEBUG [main]  << "Pragma: no-cache[\r][\n]" 
2023-07-12 23:44:58,140 DEBUG [main]  << "Set-Cookie: PHPSESSID=adf7f668ba7ecf684c44ad1532e5237d; path=/; HttpOnly[\r][\n]" 
2023-07-12 23:44:58,140 DEBUG [main]  << "Location: https://enotes.pointschool.ru/[\r][\n]" 
2023-07-12 23:44:58,140 DEBUG [main]  << "Set-Cookie: _csrf=ac65f047f7ea0343e73e156d5f8c25c726786aacd66e05b69ce9560664c36685a%3A2%3A%7Bi%3A0%3Bs%3A5%3A%22_csrf%22%3Bi%3A1%3Bs%3A32%3A%22STqrU7H8alyn0q3N-KXcXdxxDtZnPwXw%22%3B%7D; path=/; samesite=Lax; HttpOnly[\r][\n]" 
2023-07-12 23:44:58,140 DEBUG [main]  << "[\r][\n]" 
2023-07-12 23:44:58,140 DEBUG [main] Receiving response: HTTP/1.1 302 Found 
2023-07-12 23:44:58,140 DEBUG [main] << HTTP/1.1 302 Found 
2023-07-12 23:44:58,140 DEBUG [main] << Server: nginx 
2023-07-12 23:44:58,140 DEBUG [main] << Date: Wed, 12 Jul 2023 20:44:20 GMT 
2023-07-12 23:44:58,140 DEBUG [main] << Content-Type: text/html; charset=UTF-8 
2023-07-12 23:44:58,140 DEBUG [main] << Transfer-Encoding: chunked 
2023-07-12 23:44:58,140 DEBUG [main] << Connection: keep-alive 
2023-07-12 23:44:58,140 DEBUG [main] << X-Powered-By: PHP/7.2.34 
2023-07-12 23:44:58,140 DEBUG [main] << Expires: Thu, 19 Nov 1981 08:52:00 GMT 
2023-07-12 23:44:58,141 DEBUG [main] << Cache-Control: no-store, no-cache, must-revalidate 
2023-07-12 23:44:58,141 DEBUG [main] << Pragma: no-cache 
2023-07-12 23:44:58,141 DEBUG [main] << Set-Cookie: PHPSESSID=adf7f668ba7ecf684c44ad1532e5237d; path=/; HttpOnly 
2023-07-12 23:44:58,141 DEBUG [main] << Location: https://enotes.pointschool.ru/ 
2023-07-12 23:44:58,141 DEBUG [main] << Set-Cookie: _csrf=ac65f047f7ea0343e73e156d5f8c25c726786aacd66e05b69ce9560664c36685a%3A2%3A%7Bi%3A0%3Bs%3A5%3A%22_csrf%22%3Bi%3A1%3Bs%3A32%3A%22STqrU7H8alyn0q3N-KXcXdxxDtZnPwXw%22%3B%7D; path=/; samesite=Lax; HttpOnly 
2023-07-12 23:44:58,141 DEBUG [main] Connection can be kept alive indefinitely 
2023-07-12 23:44:58,141 DEBUG [main] Parsing response as: text/html; charset=UTF-8 
2023-07-12 23:44:58,141 DEBUG [main] Parsed data to instance of: class org.apache.http.conn.EofSensorInputStream 
2023-07-12 23:44:58,150 DEBUG [main] Get connection for route {s}->https://enotes.pointschool.ru:443 
2023-07-12 23:44:58,150 DEBUG [main] Connecting to enotes.pointschool.ru:443 
2023-07-12 23:44:58,699 DEBUG [main] CookieSpec selected: ignoreCookies 
2023-07-12 23:44:58,700 DEBUG [main] Auth cache not set in the context 
2023-07-12 23:44:58,700 DEBUG [main] Target auth state: UNCHALLENGED 
2023-07-12 23:44:58,700 DEBUG [main] Proxy auth state: UNCHALLENGED 
2023-07-12 23:44:58,700 DEBUG [main] Attempt 1 to execute request 
2023-07-12 23:44:58,700 DEBUG [main] Sending request: GET / HTTP/1.1 
2023-07-12 23:44:58,700 DEBUG [main]  >> "GET / HTTP/1.1[\r][\n]" 
2023-07-12 23:44:58,700 DEBUG [main]  >> "Cookie: path=/; samesite=Lax; PHPSESSID=adf7f668ba7ecf684c44ad1532e5237d; _csrf=ac65f047f7ea0343e73e156d5f8c25c726786aacd66e05b69ce9560664c36685a%3A2%3A%7Bi%3A0%3Bs%3A5%3A%22_csrf%22%3Bi%3A1%3Bs%3A32%3A%22STqrU7H8alyn0q3N-KXcXdxxDtZnPwXw%22%3B%7D[\r][\n]" 
2023-07-12 23:44:58,700 DEBUG [main]  >> "Accept: */*[\r][\n]" 
2023-07-12 23:44:58,700 DEBUG [main]  >> "Host: enotes.pointschool.ru[\r][\n]" 
2023-07-12 23:44:58,700 DEBUG [main]  >> "Connection: Keep-Alive[\r][\n]" 
2023-07-12 23:44:58,700 DEBUG [main]  >> "User-Agent: Apache-HttpClient/4.5.13 (Java/11.0.15)[\r][\n]" 
2023-07-12 23:44:58,700 DEBUG [main]  >> "Accept-Encoding: gzip,deflate[\r][\n]" 
2023-07-12 23:44:58,700 DEBUG [main]  >> "[\r][\n]" 
2023-07-12 23:44:58,700 DEBUG [main] >> GET / HTTP/1.1 
2023-07-12 23:44:58,700 DEBUG [main] >> Cookie: path=/; samesite=Lax; PHPSESSID=adf7f668ba7ecf684c44ad1532e5237d; _csrf=ac65f047f7ea0343e73e156d5f8c25c726786aacd66e05b69ce9560664c36685a%3A2%3A%7Bi%3A0%3Bs%3A5%3A%22_csrf%22%3Bi%3A1%3Bs%3A32%3A%22STqrU7H8alyn0q3N-KXcXdxxDtZnPwXw%22%3B%7D 
2023-07-12 23:44:58,700 DEBUG [main] >> Accept: */* 
2023-07-12 23:44:58,701 DEBUG [main] >> Host: enotes.pointschool.ru 
2023-07-12 23:44:58,701 DEBUG [main] >> Connection: Keep-Alive 
2023-07-12 23:44:58,701 DEBUG [main] >> User-Agent: Apache-HttpClient/4.5.13 (Java/11.0.15) 
2023-07-12 23:44:58,701 DEBUG [main] >> Accept-Encoding: gzip,deflate 
2023-07-12 23:44:58,846 DEBUG [main]  << "HTTP/1.1 200 OK[\r][\n]" 
2023-07-12 23:44:58,846 DEBUG [main]  << "Server: nginx[\r][\n]" 
2023-07-12 23:44:58,846 DEBUG [main]  << "Date: Wed, 12 Jul 2023 20:44:21 GMT[\r][\n]" 
2023-07-12 23:44:58,846 DEBUG [main]  << "Content-Type: text/html; charset=UTF-8[\r][\n]" 
2023-07-12 23:44:58,846 DEBUG [main]  << "Transfer-Encoding: chunked[\r][\n]" 
2023-07-12 23:44:58,846 DEBUG [main]  << "Connection: keep-alive[\r][\n]" 
2023-07-12 23:44:58,846 DEBUG [main]  << "Vary: Accept-Encoding[\r][\n]" 
2023-07-12 23:44:58,846 DEBUG [main]  << "X-Powered-By: PHP/7.2.34[\r][\n]" 
2023-07-12 23:44:58,846 DEBUG [main]  << "Expires: Thu, 19 Nov 1981 08:52:00 GMT[\r][\n]" 
2023-07-12 23:44:58,846 DEBUG [main]  << "Cache-Control: no-store, no-cache, must-revalidate[\r][\n]" 
2023-07-12 23:44:58,847 DEBUG [main]  << "Pragma: no-cache[\r][\n]" 
2023-07-12 23:44:58,847 DEBUG [main]  << "Content-Encoding: gzip[\r][\n]" 
2023-07-12 23:44:58,847 DEBUG [main]  << "[\r][\n]" 
2023-07-12 23:44:58,847 DEBUG [main] Receiving response: HTTP/1.1 200 OK 
2023-07-12 23:44:58,847 DEBUG [main] << HTTP/1.1 200 OK 
2023-07-12 23:44:58,847 DEBUG [main] << Server: nginx 
2023-07-12 23:44:58,847 DEBUG [main] << Date: Wed, 12 Jul 2023 20:44:21 GMT 
2023-07-12 23:44:58,847 DEBUG [main] << Content-Type: text/html; charset=UTF-8 
2023-07-12 23:44:58,847 DEBUG [main] << Transfer-Encoding: chunked 
2023-07-12 23:44:58,847 DEBUG [main] << Connection: keep-alive 
2023-07-12 23:44:58,847 DEBUG [main] << Vary: Accept-Encoding 
2023-07-12 23:44:58,847 DEBUG [main] << X-Powered-By: PHP/7.2.34 
2023-07-12 23:44:58,847 DEBUG [main] << Expires: Thu, 19 Nov 1981 08:52:00 GMT 
2023-07-12 23:44:58,847 DEBUG [main] << Cache-Control: no-store, no-cache, must-revalidate 
2023-07-12 23:44:58,847 DEBUG [main] << Pragma: no-cache 
2023-07-12 23:44:58,847 DEBUG [main] << Content-Encoding: gzip 
2023-07-12 23:44:58,847 DEBUG [main] Connection can be kept alive indefinitely 
2023-07-12 23:44:58,848 DEBUG [main] Parsing response as: text/html; charset=UTF-8 
2023-07-12 23:44:58,848 DEBUG [main]  << "15b5[\r][\n]" 
2023-07-12 23:44:58,848 DEBUG [main]  << "[0x1f][0x8b][0x8][0x0][0x0][0x0][0x0][0x0][0x0][0x3][0xed]=ks[0xdb]Vv[0xdf][0xfd]+n[0x18]7[0xa4][0xc6][0x2]([0xc9][0xb2][0xbd][0x96]E[0xb6][0xb1]l[0xef]f7[0xb1][0xbd][0xb1][0xb3][0x93]V[0xd5]z.[0x89]K[0x12]2[0x8][0xc0][0x0][0xa8]G[0xbc][0x9e]I[0xe2][0xd9][0xa6][0x9d]d[0x9a][0xcd][0xce]v[0xda][0xd9][0xe9]cv;[0xd3][0xaf]u[0x1c]+[0xeb][0xd8][0xb1][0xfd][0x17][0xa0][0xd4]s[0xce][0xbd][0x0][0x1][0x10][0x0]A[0x89][0xce][0xa3]c[0x8e]-[0x91][0xe0][0xbd][0xe7][0x9e]{[0xde][0x8f][0xb]h[0xfd][0xb5]K[0xd7]6n[0xfe][0xed][0xf5][0xcb]l[0x10][0xc][0xad][0xf6][0x89]u[0xfc][0xc5],n[0xf7][5ak[0xef][0xdd][0xa8][0xe1]5[0xc1][0x8d][0xf6][0x9][0x6][0xaf][0xf5][0xa1][0x8]8[0xeb][0xe][0xb8][0xe7][0x8b][0xa0]U{[0xef][0xe6][0x15][0xed]'[0xb5][0xe4]W[0x83] p5qgd[0xee][0xb4]j[0xef]k[0xef][0xbd][0xa9]m8C[0x97][0x7]f[0xc7][0x12]5[0xd6]u[0xec]@[0xd8]0[0xef][0xad][0xcb]-a[0xf4]Ej[0xa6][0xcd][0x87][0xa2]U[0xdb]1[0xc5][0xae][0xeb]xAb[0xf0][0xae]i[0x4][0x83][0x96]!v[0xcc][0xae][0xd0][0xe8][0xc3]"3m30[0xb9][0xa5][0xf9]]n[0x89][0xd6][0xb2][0x2]D[0xc0][0x2]3[0xb0]D[0xfb][0xda]/[0xb4][0xab]N |[0xa6][0xb1][0xf0][0xdf][0xc3][0x7][0xe1]W[0xf0][0xff]/[0xe1][0xe3][0xf0][0x19][0xb][0xbf][0xc][0x9f][0x86][0xcf][0xc3]'[0xe1][0xb3][0xf0][0xf9][0xe1][0xc7][0xf0][0xee][0xe1]zS[0xce][0x99]@[0xa6][0xeb]{=[0xcd][0xe5][0x1e][0x1f]&[0xd0][0xb9][0x85]W[0x91]*[0xd9][0x81][0x81]s[[0xd8][0x89][0x81][0xbf]t[0xfd][0xbf][[0xfe][0xe9][0xd9]+[0x1b][0xfc][0xcc][0xb5][0x8d][0xd3][0xf6][0xaf][0xce][0x9d][0xf5][0xf7][0xec][0xa1][0xf3][0xce]/n_[0xe9]_={}[0xbf]w[0xf6][0xf2][0xed]e[0xd3][0xec][0xbf][0x1f],[0xbd][0xfb][0xc1][0x8a]9[0xbc]v[0xee][0xe7][0x17]-[0xf3][0xbc][0xfd][0xe6][0xdb];[0xbd][0x95][0xfe][0xdb][0xbf]|w[0xc9][0xd8]k{pse[0xd5]9[0xb7][0xfc][0xfe][0xd9]Uq[0xb5][0xfb][0xd3];[0xfd]V[0xb][0xd6]>[0xb1]n[0x99][0xf6]m6[0xf0]D[0xaf]Ukv}[0xbf][0xe9][0x9b][0x81][0xd0][0xe1]M[0x8d]y[0xc2]j[0xd5][0xfc]`[0xdf][0x12][0xfe]@[0x88][0xa0][0xd6]^oJ[0xfe][0xad]w[0x1c]c[0x1f][0xe7][0x1a][0xe6][0xe][0xeb]Z[0xdc][0xf7][0x81][0xb6][0x1e]w#.[0xd8]<[0xbe][0xc]o;[0xdc]c[0xf2][0x97]&[0xf6]\n[0x1b][0x9a][0xd5]g[0xee][0xbe][0xb6][0x94][0xa4]u[0x2][0x12]n[0x9b][0x9b][0xb6][0xf0][0x98]?[0xe0][0x86][0xb3][0xab][0xf9]C[0xd6][0xe9]k[0xbb][0x3]@[0x8c]y[0xce][0xc8]6[0x84][0x81][0xf3]O'[0xe6][0x13][0xc][0x9e]^T[0xeb]x[0xb0]X-[0xda][-[0xe6][0xe4]z[0x93]gfvFA[0xe0][0xd8][0x99][0xe9][0x81][0xd3][0xef][[0xc2][0xab][0xb1]`[0xdf][0x5][0xce][0xc8]15f[0xf0][0x80][0xab][0xef][0x10]W[0xcb][0xe2][0xae]/[0xa2][0xcb][0xdc][0xeb][0xa3]4[0xbf].A\[0xe5];5[0xc6]=[0x93]k[0xb8]'[0xcf][0xb1]b[0xe0][0xe3]o$I[0x84][0xd1][0xaa][0xf5][0xb8][0x85][0x80][0xe8][0xaa][0xc5];H[0xfc][0x9b][0xb4][0xc]R[0xcf][0xec][0x83][0xe8][0xc3][0xf2]i[0xc4][0x9]y[0x1f][0x0][0xe4][0xa3][0xae][0x99]][0x9c][0xb2][0xde][0xc4]![0x99]-7[0xe5]~2WSl[0x90][[0x8b]x7[0xde][0xaa]i$[0xb7][0x91][0x83][0xd1][0xc8][0xca][0xe0][0x83][0x2]1[0xb4]4>[\n]" 
2023-07-12 23:44:58,848 DEBUG [main]  << "[0x1c]fh=K[0xec]1n[0x99]}[[0x3][0x96][0xe]}[0xcd][0xf]<[0x11]t[0x7]9[0xa0][0x8][0x9c]e&[0xc0][0xd1][0x14]fx[0x8e][0xb][0xa2]a[0x17]L[0x99][0x0][0xc1][0x9][0xe9]h[0xd6]{>[0xb2]5[0x1][0x93]t`[0xe8]i[0xab][0x19][0xf6][0xc6][0xcb]H[0xae][0xc][0xb8][0xef]:[0xee][0xc8]m[0xd5][0x2]o$[\n]" 
2023-07-12 23:44:58,848 DEBUG [main]  << "[0x18][0xd8]N[0x12]q[0x4]+i|[0x7]`z[0x8][0xa5][0xc6]H[0x9f]@[0x9a]x[0xf7]v[0x9f][0x84]y[0x8d][0x8d]<[0xab][0x81][0xd6][0xce]_k6www[0xf5][0x0][0xc8][0x4][0x90]-O[0xb8][0xa3][0x8e]ev[0xf5][0xae]3l[0x8a]=>tA[0x13][0x9b][0xe6][0x90][0xf7][0xe1][0x97][0x4][0xda]\[0xd1][0xb7][0xdd][0xfe][0x2][0xb3][0x1d][\r]F[0xb][0x1e]\@v[0x3][0x2]),[0x2][0xb1][0x17]h#[0xd7][0x15]^[0x97]#[0x86][0xa0][0x3][0x81][0x1a][0x95]U[0x85]B[\n]" 
2023-07-12 23:44:58,848 DEBUG [main]  << "&[0xc0]ET[0xd1][0x86][0xc2][0x1e][0xb1][0xd4]'[0xcd]3[0xfb][0x83][0x80][0xd1][0x82]][0xb0]]H[0xe7][0xb1]@[[0xc2][0xe8][0xec]g[0xd8]PmyB[0xa1][0xe7]xC[0xc6][0xbb][0xa8][0x7][0xa0][0xcf]h[0xa7][0x9a][0x96][0xd3]wF`[0xe2][0xc1][0x82][0xe][0x1c]`[0x81][0xeb][0xf8][0x1]ZT[0xd3]vG[0x81]R[0xdc][0x81]i[0x18]hN[0xa5][0x81][0x95]F[0x97][0xed]pk$^[0xa6]e[0x8d]l[0x8a][0xc4][0xc1][0x1f]u[0x86]f[0x10][0xcb]\'[0xb0][0x19][0xfc][0x97]r[0xa7][0xf6][0xd0][0xe][0xf8]i[0xf8][\r]8[0x92][0xc7][0xb1]r[0xae]7q[0xcf][0x15]9D[0xc]=1e[0x8c]e[0xb6]Q[0x9f]P[0x1b]:[0xdc][0xbf]-[0x82][0x8d][0xc8][0xda][0xd6][0xe6][0xa0]d[0x19][0x95][0xaa][0xa5][0xb4][0xee]"[0xad]7[0x17][\r][0x8b][\r][0x82][0xdc][0xc3]-[0xb4]s[0xac][0xc7][0xe1][0x9f][0xe6][0xf][0x1c][0xd7]5[0xed][0xbe]&[0xbf][0x92]Z[0x7][0x84]4[0xdb][0xe1][0x1f][0xc1]M(}w[0xf8][0xa0][0xba][0xe4]'[0xed][0xab][0x4][\n]" 
2023-07-12 23:44:58,848 DEBUG [main]  << "[0xb6]pd[0x7][0xd2]x[0xb1][0xe][0x87][0xf8]C[0xfe][0xd4]\[0xf][0xb4][0xd3][0xdb][0xcf]7[0xb9]UT[0xcb][0x7][0xd4][0x81][0x17][0x1a][0x98][0x86]][0xa9]E[\n]" 
2023-07-12 23:44:58,848 DEBUG [main]  << "$[0x98]M[0xdb][0xb1][0x81]"[0xe0]EP[0x9e][0x2][0x1e][0x8c][0xfc][0xca][0xca][0x93][0xda][0x83][0xef]i[0x8e]m[0x1][0x92]o;[0xdc][0x0]J[0xe9][0xba]>[0x13][0xba][0x15][0xe4],ggS[0x8d]F[0x89][0xa1]P[0x92]3[0x83][0xa9][0x18]{ [0xcb][0xf4][0x3]$[0xe7][0xc8]e[0xe3][0xb7][0xe0][0x82]F[0xfe]`[0x6][0x80][0x0][0xf2]5MKx"%[0x8][0xa4]'[0x9][0xb8]Ro[0xa4][0x87][0xdb][0x1e][0xf9][0x81][0xd9][0xdb][0xd7]T[0x18][0x7]^[0x8e]{A[0xca][0xef])[0xb]9[0xb][0x1a][0x80]H[0x8c][0x83]4[0x85][0x97][0x84]%[0x2]q[0xdd]s[0x8c]Q7PJ[0x10]x[0xdc][0x1f][0xe0][0x1b][0x88][0xb4][0xc8][0xad][0x91][0x2][0xcc][0xb8][0xcc][0xb0][0x9f][0xb3]Y[\r]-[0xac][0x88][0x9d][0x99][0xd7]m[0xd5][0x80]qV[0x80][0xbf][0x6][0x2][0xf9][0xd8][0xaa][0x9d]^r[0xf7]f[0xdd]T[0x8e][0x92][0xd1]r[0x14]O[0xcf][0xa6]OSa[0x92][0xf6][0xe6][0xe9]m[0x14][0xa3][0x1c]e=2[0xad][0x9a]6[0x83][0x8c]6G[0xd6][0xc][0xa3][0x13][0xaa][0x4]X[0xae][0xb2]a[0x80]?:h[0xdc][0xc2][0xa3][0xec][0xe3][0xab][0xf0]9[0xb][0x9f]0x[0xf7][0x2][0xf2][0x92][0x7]p[0xed]`-[0x8f][0x8][0xb7]`[0xb7][0xdd]1Mg[0xd0][0xe7],"=[0xcb][0xe1][0x81]f[0x89]^[0xc0][0xb2]8[0x8d][0x9d]A[0xe4][0xeb]"[0x1a][0xe3]{[0x88][0xe8]#R+[0x83][0x16]E[0xd7]*X[0xef]([0x8d][0xf][0xff]+<[0x0][0x9b]} [0xfd]"[0xb][0x1f][0xc2][0xe][0xc7]V[0xfc][0xf0]>Z[0xf1]co@[0xc6],[0xa8]'[0xe3][0x1d][0xa8]8c[0xc3][0x12][0xdc][0x8b][0xcc][0xcf][0xe4][0x9e][0xc][0xc8]nA[0x19][0xa2]-yy[j[0x87][0xff]y[0xf8]I[0xf8][0xf8][0xf0]#[0xdc][0xc1][0xe1][0xc7][0x87][0x9f][0x1d]o[0xb][0x95][0x86][0x92]0N[0x17][0xb8][0xc][0xac][0xc4][0xc7][0xf5]&[0xf8]p[0xc8][0xf0][0xb2][0x4][0x8b]s[0xb3][0x1c][0xfd]N[0xa5][0x83][0x18][0x9d]i&xm[0xb4][0x4][0x13]`lH[0xc3][0xb4][0x9e]i[0x81]%[0xf1][0x91][0xdc]g[0x92][0xa9][0xe0]d[0xc8][0x93][0x9c][\n]" 
2023-07-12 23:44:58,848 DEBUG [main]  << "[0x8e]1/[0xe5]H'.[0x13][0xb9]a[0xde]8[0x8a][0x11][0xa5][0xdd].[0xb1]V*[0x94][0x94][0xc1][0xa3][0xf][0xd2][0x0]y[0x8a][\n]" 
2023-07-12 23:44:58,848 DEBUG [main]  << "[0xea][0xd0]?[0xc7]Q[0x13]b[0x1d][0xa5]y2[0xee][0x91][0xfb][0xbb][0xa1][0xa6][0xb8][0x16][0xef][0x8a][0x81]c[0x19][0xc2]k[0xd5]@[0xac][0x9f][0xa3]H[0xa0][0xba][0xbe]@[0xb5]}FE[0x85][0x87][0xf0][0xf3][0x19]\[0xff][0xe7]2|[0xf2]w[0xa0]q[0x8][0xef]![0xdb]-[0x97][0x8c]L[0xa2]+e\bx[0x85][0xb0]e[0x19]m[0xcd]M~[0xe5][0xc6][0xb4]([0x12]WDIDe*[0x12][0x8b][0xae][0x83][0xeb][0xc9]O7+[0xca]u[0xc1]WE[0x97][0xab][0x8a][0x82][0xf][0x8e][0x13]<[0xe6][0x98]U7a[0xab]1?[0xe5][0xb7]+Q[0xda][0x80]d[0xf0]7[0xb7] [0xd3][0x18]Y[0x81][0xe9][0xa2]~G[0xef][0xf2][0xa9][0x82][0x13][0xca][0xd8][0xe8][0xb8]8.[0xca]C[0x96][0xc1]L[0xfc][0x9][0xec][0xc2][0x1][0x18][0x88]O[0xc2]/[0xf][0xef][0xc3]{H[0x3][0xe4][0xa0]vf0[0x9a][0xfc]?[0xd3][0xd0][0xf]A`[0x1e][0x15][0xf][0x84][0xad][0x87]_$kT[0x87][0x9f][0x92][0xa8]1[0x90][0xbc][0x17] g8[0xfd]i[0xf1]t[0x8][0x1b][0xc2][0x85]!/HT[0x9f]Avr[0xc0][0x8][0xd2][0xe3][0xf0][0xeb]2[0xfc]@[0x9b][0xc3][0xff][0xa0][0x92][0x98][0x9c][0x83][0x9e]h:[0xb2]ga[0xd6][0xef][0xc2][0xa7][0x87][0x9f][0x85]_[0x2][0xc2][0xdf]"[0xaa][0x8f][0xe0][0xe3][0xe7][0xb0]$[0x90][0xe3][0xa9][0x8c][0xda][0x1][0x8][0xc0]<[0xfc]-C[0xa7]p[0xf8][0xf][0xe0][0x18]^D[0x95][0xb7]|[0xa8][0xe7][0x0][0xea][0x1f][0xc8][0x19][0xe2]v[0x9f]+[0x15]S{9[0x80]}[0x1c][0xc0]*[0xcf][0xe0][0xe7]C[0xda]W[0xc9][0xae]~B[0xbb][0xc2][0xe1][0xf3][0x80]v[0x1e][0xa0][0xfd][0xb]MxF[0x93][0xe]h[0xe7]S&-/[0x91]G|*[0xcd][0x4][0xfc][0xff][0xaa]d[0xec]2[0xd1][0xf3][0x9]p[0xee][0x0]|[0xcf]G@C[0xa0][0xde][0xe1][0xa7][0xf1][0xf8]|M[0x93]b[0xff][0x1d]([0xdb]EY[0x9c][0xcb][0xd7]6[0xaa][0xdc][0xcd][0xa4]n[0xb2][0xd6][0xa7]\[0xcd]w[0xb7][0xad][0xd9][0xdd]I[0x81][0xf9]v[0xb1]|3[0xdd]~'[0xa3][0xb9][0xe4]trE[0xed][0xf0]H[0x9e][0x1e]L[0x8b]^[0xa7][0xc4][0x10])[0x97]G[0xc1][0xa2][0xd6][0xf3][0x9c]a[0xda][0xed]%[0xcb][0x94]W[0xe8][0xdb]\G8[0xe4]{[0x96][0xb0][0xfb][0xc1][0x0][0xcd][0x2][0xb3]G[0xc3][0xe][0xb8][0xfc][0x99][0x96][0xc6][0x80][0xaa]h[0xe1][0x9b][0xce][0x9c][0x96][0xfd][0xc1]9[0xd5](F[0xff][0xfe]}j[0xde][0xa5]t<FQs[0x85][0xa0][0xec]|[0xad]=G}[0x93][0xc][0x1f][0x88][0xee][0xed][0xa2][0xc1]R[0x96][0x8a][0xd9]2[0x86][0xa0][0xd1][0xd0][0xc8][0xfa][0x98][0xbe]f[0x98]>e[0x89][0x11][0xab]hT[0xc7][0xd9][0x93][0x91]][0xdf]3[0x8d][\r]Z9[0x97]w[0xf1][0xe4][0xa2]z6[\n]" 
2023-07-12 23:44:58,848 DEBUG [main]  << "[0xef][0xe4]6[0xa4]P[0xd7][0x10][0xad][0xe4][0x12][0xc5][0xec][0xa5]([0xf2][0x9]E[0x8e][0xf]([0xb1] W[0x88]~[0x4][0x12][0xc][0xf4][0xf1][0xf4][0x3][0xfc][0x9][0xf8][0x17][0xb8][0x12]~S [0x9][0xb4]nu[0xdb]8UD[0x92]UK[0xf5]U~[0x6][0x80][0x85][0x13]&[0x3][0xfa][0xfc][0xc1][0xd4]i[0x80][0x91]o[0xc3][0xc0][0xcb]C7[0xd8][0xbf]I[0xe5][0x80][0xb8][0xa6]$kb[0xe3][0x95]!,"[0xa7][0x8c][0x8e][0xe]#[0x9d][0x3][0x19]YC[0xe][0x16][0xdc][0xf4][0xe4]*[0xd8][0x99]HZ[0x94][0xeb][0xbc]_[0xd0]oI[0xd4][0x94]\[0xde]7m[0xfa]~[0xa2][0xc8][0x13][0x97]t[0x12][0xd4][0x88][0xd2][0xae][0xa2][0xa4][\n]" 
2023-07-12 23:44:58,848 DEBUG [main]  << "[0xd4][0xe7]LA/lp:UK[0x87]\[0x12][0x82]C[0x8][0xa4][0xe][0xff][0x89],[0xfd]c[0xdc][0xe1]C[0xe4][0xf2]S[0xf0][0xef]_c[0xe0]H[0x9][0x5][0xec][0xf7][0x11]%[0xce]*NK[0xb3][0x87][0xea][0xe8][0x91][0xe3][0x1d][0xb9][0xd8]$[0xd5][0xe8][0x9a][0xac]Rk[0x10]A[0x98][0x86][0xdc][0xde]m[0xb1][0xf]fp|[0x1]T[0xc4]Q[0x9f]D[0xb1]M [0x99].[0xf2][0x84]J[0xfc]I[0xca]I[0xed][0xae][0x82][0xd2]a[0x11][0x3]b[0xbe][0xcf][0x8b][0x85]1Y[0xd1][0x9f][0x92]x[0x8d][0xa1]f[0xb2][0xae][0xdf][0x83]l`[0xb0][0xf5][0x18]#R[0x6][0xd4][0x83][0x15][0xc1]W[0x98]v[0xe4]+N[0xa7]<[0xc7][0xca][0x99]3[0xd8][0x4][0xbd]32=a[0x94][0x1b]-[0xd3]&[0xaa]h=![0xc]l[0xed][0x14]h-i[0xec][0xd7][0x18]u[0x3][0xbb][0xbe][0xa1][0x92][0xc0][0x83]E[0xe0]`[0xe]^[0xac][0x11]~K1[0x1e]~[0xba][0x1f]~[0xcb]N#[0x9b][0xe1][0x3][0x8c]}[0x8e]![0xe0][0xc2][0x1c][0x8c][0xf7]l[0x8c][0xba]<[0xe4][0xa6]Uk[0xd3][0xaf]j[0x8c][0x12]4c[\n]" 
2023-07-12 23:44:58,848 DEBUG [main]  << "[0xa7]$[0xd8]RV)8[0x9]N[0xad][0xa6]8uz[0xe9][0xfb]`[0x14]a5[0xc1][0xa7][0xd5][0xef][0x9d]O[0xef][0x8][0xdf][0xe7]x&[0x2][0xac][0x85][0xcc][0xdd]d[0xbe]pP[0xcc]4[0xd4]([0xee][0x9][0x9e]P0[0xfc]8[0x8d]u[0xd1]Jh[0xc4]}[\n]" 
2023-07-12 23:44:58,849 DEBUG [main]  << "[0xb5]**[0xd3]z3Z[0xe2];[0xd4][0xab][0xe7]ij[0xbc]<[\r]K[0x7][0x84][0x5][0xd1]_[0xd4][0x12][0x84]h[0x81]w,[0xec]nE[0xef][0xa8]d[0xf8]1d[0xb6][0x98]1?[0x94]E[0xc3][0xc9]`[0xaf][0xd4][0xcb][0x8e][0xfb]{[0xe4]6[0xaf]:[0xe0][0xa4][0xcc][0xae]2[0xe1]QW[0xd8][0xe1]~[0x10]7[0xa4]][0xc7]7[0xf1][0xeb]5[0xd6]3[0xf7][0x84]q[0x81][0x5][0x8e][0xbb][0xc6]V[0x96][0xdc][0xbd][0xb][0x8c][\n]" 
2023-07-12 23:44:58,849 DEBUG [main]  << "[0xa4][0xd1][0x87][0xf]dYo[0x8d]i[0xe7][0xcf][0x9f][0xbf][0xa0]" CX|[0x1f][0xf5]p[0xa9][0xe8]T[0x7][0xad][0xa6][0xe1][0xf9][0x91][0x89][0xe2][0xe1][0xba][0xf]be[0xc7][0xdd][0x86][0xa8][0x8c][0xda][0xe][0xff][[0xf1][0xef]9[0xf0][0xe4]i[0xe4][0xf0] [0xb9][0xa1][0xe1][0xf9]4OG[0xd6][0xe3][0x82][0xf9][\n]" 
2023-07-12 23:44:58,849 DEBUG [main]  << "[0x96][0x19][0x97][0xe1][0x82][0x13][0x1f][0xd6][0x0]r[0xf][0xcd][0x4]![0x92]a[0xc0][0x6][0x8d]+:l![[0x95][0xd4]VV[0x8d][0xca][0xf6][0x1b][0x81]9[0x14][0xfe][0x85]jG-[0xb2][0xe]y[0x82]Lx[0xbe]&[0xb3]z[0xba]{[0x9]^[0xfe][0xf0][0xbe][0x94]s[0x9d][0x85][0x0][\n]" 
2023-07-12 23:44:58,849 DEBUG [main]  << "}[0x89][0xb2]r[0xf8][0x99][0x94][0xf4]g[0x98][0xf3]S[0xcc][0x17]E[0x83][0x93]g[0x95][0xf4][0xfc][0xba]o[0x8e] [0x91][0x9d][0xbb][0x1][0x89][0xd0]+1[0xfa][0xf1][0x8b][0xd1][0x9f][0x80][0xc] -[0x89][0x0][0x12][0x5][0x9],[0xe3][0xc1][0xe1]?[0xa2]p0[0x92][0x8f][0xc8][0xf6]Hr=[0x9f]EV[0xc0][0xdc]l`[0xf6][0xf3]JX~[0xfc][0xc2][0x82][0xf5]NjVQ[0xf][0xee][0x9]Vt1[0xa9][0xbc][0x1f]e[0x9d]R`[0xc8][0xce][0x80][0x9b][0xfa][0x84]*[0x8d][0x1f][0xa3][0xfb][0x94]Y[0x8][0x16]n_[0xc0][0xa8][0x3][0xa0][0xa5][0xec]OJ[0xd3]Cu[0xdc][0x7][0xd5][0x84][0xaa]([0xd5]K[0xe5][0x87][0xaa][0xfb]}[0x13][0xa4][0xcf][0x82][0xcc][0xa4]V[0x1c]IQu![0xdb]r[0xca][0x1b]H[0x9]*[0xb5][0xf3][0xbb][0xdc]3[0xd8]@[[0x6]1[0x93]Lt[0xe5]j[0xad]Z[0x85]*[0x5][0x81][0x91]=[0xf3][0x8a]UA<H[0xa9]yf[0xa7][0xe3]L;x[0x93]*[0xc3][0xa8][0x9]Z[0xaa]D[0xa8]0[0xbd]5[0xae]H(aa[0x87][0x1f][0xea][0xd3][0xaa][0x80][0xd3][0x8a][0x84][0xe3][0xf3][0x1][0xd1]2j[0x9f][0xa9]c[0x1][0xba][0xae][0x17][0x91][0xa9][0xa4]:[0x95][0xe4][0x18][0x90][0x9f][0x84]3:W[0x81]?[0xf0]4[0xe2]hXF[0xa0]u[0xc8]-+[0x8b][0xa1][0xec][0xca][0x0][0x11][0xf0][0xcb]j[0xfc][0x88][0xa6]bm[0x88][\r][0xce][0xa2][0xec]Dg[0x4][0xca][0x9][0x94][0xce][0xf0]O[0x8f][0xcb][0xb3]k[0xb9]<[0xa2][0x8a][0x1f][0xb6][0xc5][0x97][0xab][0xb6][0xe6][0xb][0xaa][0x96]L[0xae]V.:[0x15][0xd3][0xe9]TRV[0x1b]w[0xab][0xe2][\n]" 
2023-07-12 23:44:58,849 DEBUG [main]  << "-[0xe1][0xae]QuBS[0x15][0xb3][0xa9][0xd5][0xd6][0x12][0xdc][0xab]U\%[0xcb]K[0xe1][0xd8]M[0xc3]F[0xc9][0xa3]|j[0xcb]3 [0x19]jO?[0xf3]qL[0x9d][0xc9][0xab][0x14]_[0x1c][0xed]G[0x87]w[0xb2]G%[0x88][0x91]i[0xf7][0xd2][0xe][0xff]HF[0xb5] )[0xa8][0x80]L[0x95][0xfa]][0xbe]9[0xf6][0xbb][0x9e][0xe9]&[0x9a]([0x86][0xd3][0x1d][\r][0x81][0xf5]:7[0x8c][0xcb];[0xf0][0x6][0xcb]t[0xc2][0x16]^[0xa3]v[0xe9][0xda];[0x1b][0xb2]"[0x86][0x87][0xcc] [0xa5]Yd[0xbd][0x91]M[0xfb]m[0x8][0x1c][0xba][0xc0][0xee][0xa6]P8[0xd9][0x88][0xbe]g[0x8d][0xec]w[0xf2][0xfb][0xfa][0xeb][0xe3].m}AW[0x1d][0xa3][0xc6][0xdd][0xdc][0xbd]'[0xe4]v[0x8d][0xd5][0xc2]?[0x83][0x13]Q[[0xcc][0x1d]J[0xf7][0x1][0xc0] [0xb0][0xef][0x95]3[0xe4][0xde][0xc2][0x85][0x13][0xd3][0xb1][0x81]m[0xd5][0x15]Fk[0xf2][0xb7]i[0xf7][0xeb][0xe3]M[0xb3][0x86][0xc8][0xdb][0x15][0xbe][0xcc][0x1e]kL[0xc0][0x3]Ek,[0xe8]2wf[0xad]V[0x8b][0x9d].[0x9a][0x8e]/[0xa1][0xbb][0x1e]Q[0xf5][0x92][0xe8][0xf1][0x91][0x15]4[0x0][0xe7][0xa2][0xb1][0x9e][0x8]F[0x1e][0x1e][0x96][0xb4]|[0x91]?[0xea][0xde][0xac]4[0xa0]V[0xde][0xac],[0xf9][0x82]B[0x8a]g[0xe1][0xa3]9[0xb2][0xc5][0x13]=O[0xf8][0x3]y^'[0x8f][0x8]j[0x80][0xd2]7[0xbf][0x91][0x7]$fY[0x6]Z[0x1][0xfd]-[0x11][0xb0][0x93]2[0xd5]V[0xe7])Y[0x8b]h[0x93]9^[0xcb]6S'7[0xb7][0xea]ykG[0x0][0xb1]N"[0xfc][0x0]![0xe9]|[0x9b][0xef]5[0x8a]y?[0xf2],[0xa0][0x92]\[0xac][0xd9][0x17]A[0x1]9[0xf1]%[0xf]I[0xc3][0xe8][0xeb][0xd7]n[0xdc],[0x19][0x87]A[0xce][0x1a][0xbb][0xcb][0xee][0x95][0xf]AQ[0x5]`[0xdb]>[0x98][0xa5][0xe2][0x91][0x1d][0x1][0x1e]E`[0xf6][0xb8][0xc6][0xca]U<[0xf9]j6[0xd3]4[0xd5]=1tv[0xc4][0x6][0x1a][0xce]F][0x6][0x83][0xf5][0x12])[0xbf][0x97]/[0xd9]E4W[0xf4][0xd6][\r][0x0][0x1b][0x1b][0xa2][0x6][0xdb][0xbe][0xf3][0xfe][0xcf][0xde]ee[0xb8]"[0xb3]$[0xa2][0x97][0x80]"[0xc0]/[0x9a][0xa2][0xcb]K[0x5][0x8b]e[0xa4][0xe6][0x92]:[0xe4][0xfa][0x8e][0xb0]Gh@[0xb][0xc4]G[0x1f][0x9f]2-[0x14][0x1d]|[0x15]@[0xd5])1k,[0xcc][0x86][0xd3][[0x10][0xff]FA[0xb5][0xc4][0xeb]e[0x1d][0x81][0xad][0xb3]S3[0x1d][0xee][0xcc]{[0xd5][0x8f]~4vN[0xcb][0x1f][0xf3][0xc8][0xec]|[0xb0][0xa8]v[0x94][0xf6][0xe5][0xae][0x95]>b[0xfa]r[0xd7][0xaa]~[0x9c][0xf7][0xb8]x[0xd4][0xe9]\e[0xa9][0xfa][0x8d][0x8d][0x81][0xe]v[0xef]2[0xef][0xe][0x12][0x81][\r][0xa2][0xbb][0xc8][0xcc]EH[0xe6]=[0xbe]?[0xcd][0x6]&[0xf4][0x11][0xf5][0x10][0xf5][0xaf]X;[0xf5][0xae][0x85][0xb6][0xab][0xc4]$[0xe2]+[0x1]N[0xe7]A[0xe0][0x81])M$[0xb4][0x10][0xaf] [0x86][0xba]i[0xcc][0x0][0xa6]g[0xda]F[0xa3][0xae]O[0xca];[0x4][0x4]r[0x9][0x90][0xf8][0x8][0xb2][0xfc][0xe6]x[0xd0]I[0x8c][0x1]8[0xc6][0xf9]DQ[0x1d]s[0x91]cb[0x8c][0xe2][0x1a][0xc1]du[0xa6][0xc1][0xff]S[\n]" 
2023-07-12 23:44:58,849 DEBUG [main]  << "eJ[0xcb]N[0xc1][0x5]H[0x99][0xeb][0xc7][[0x86]$5[0x85]:])[0x93][0xa7][0x4][0xd4][0x9][0x93].s[0xa5]Fb[0xd1]2[0x8f]8[0xcd][0xf4]K([0xd7]i[0xbb]i?F[0xd7][0x8a]!c[0x0][0x9b][0x10]{[0x15][0xb4][0xb6][0xd9][0x12]{[0xe3][0x8d][0x84]>l.m[0xe9]Q[0x1d][0x2][0xbf]][0xc8][0xac][0x98][0x1e][0xe9][0xca]5[0x8b][0xdd]\L[0xda][)[0xe6]%`[0x96][0x10]c<;y+O[0x4]#[0xb9][0xf7][\r][0xc5][0xa0][0x99]H[0x1a][0x85][0x13]=nZ[0xd9]pb[0x91][0x1a][0xfa]7([\n]" 
2023-07-12 23:44:58,849 DEBUG [main]  << ",[\r]-[0xb8]%<[0x10][0xc6][0xda][0xbb]*[0x16]D`[0x2][0xa3]7[0x10][0xc6]$[0x88]#[0xe2][0xc6][0xad]][0xbe][0xef]7[0xaa][0x85]d[0x13][0xe1][0x18]d|[0x95]b[0xb1]{9[0xd7][0xef]M[0x8f][0xb9][0xe3][0x0][0x9d]n[0x99][0xf6][0xcb]bou[0x8a]\[0x85]_[0xc8][0xd8][0xd4][0xe1][0xf2]6[0x9d][0xf2][0xa1][0xe4][0x4]o[0xa9]4?[0x10][0x8d][0xb2][0xc0][[0xc6][\r][0x0][0xa8][0x81]Y[0xb7][0xd3]c[0x12][0x1][0xf6][0x1a][0xa4]`5[0xbc][0xf3][0x18][0xb4][0x1a][0xb2]Y[0x94]l[0xf9][0x8d]>[0xe0][0xfe][0xb5]][0x1b][0x10]v[0x81]][0xfb][0x8d][0xba][0x84]P_[0x0][0xde][0xfe]u4FA[0x5][0xde][0xd5].[0x14].[0xed][0xe2][0xc9][0x93]c,[0x8c][0xf3][0xd3][0xcb][0x12][0xc4]5[0xb6]<[0xcf]DC[0xb9][0x8a]9g[0x1a][0x8a][kIn.*f,J[0xca][0xcc][0x90][0x8c][0xcc]![0xf6]gU[0x82]4|[0xd2]V[0x8][0xcf]s<[0xc9]+*SOs[0xed][0xbb][0xe0][0x1b][0x9c]][0xdd]rd{D[0xc7][0xbb]^[0x80][0x7][0xf5]&[0xba][0x9d][0x4][0xc8]ro#S[0xf9][0xb2]$[0xa8][0xd4][0xe0]+V[0xfa][0xa9][0xcc]%[0xba]Xbzq[0xdb][0xc9][0xb9][0xc9]2[0xc5][0xd2][0xb4][0x9d]cj3y[0xa2][0xb][0xf4]s[0xd6][0x4][0x8f][0x9][0xcb][0x17]G][0xac][0xaa][0xf9][0xaa]@[0xc5][0x93][0x11])[0xc6][0xb9][0x9b][0x1e][0x1f]n+[0x83][0x9b][0x9a]X!=K[0x91]|.[0xb1][0xa5][0x82]8[0x99][0xe4][0xbd][0x9e][0xd3]S[0x1]Kj[0x98];@[0xbb]8[0xd0],'}[0xe]p[0x15][0x12]m&c[0xce][0xad]8L,[0x8c]DK[0xd7]Aa[0xa4][0xa1][0xe9][0xd0][0xe2][0xee][0xd4]8[0xbf][0x4]A=[0xdb]6I[0x85]l[0xd1][0xc5])[0xa1]`[0xd5]5[0xa2][0xe8][0x5][0x9f][0x96][0xd2]HD[0x9c][0x1a]KoKE[0xa0]l[0xdd]o[0xe7][0xc7][0xa6][0x90][0xe3][0x94][0xa7]&GbM[0xac]([0xe0]n.[0xc5][0xe4]([0xdf]z%[0xdd][0x9c]F[0x9f]D[0x1b]lF[0x85]=[\n]" 
2023-07-12 23:44:58,849 DEBUG [main]  << "[0xf5][0xc7][0xec][0x9d])[0xde][0x9f]F[0xce][0xe2].[0xc9]X[0xee][0x87]|[0x8f][0xda]*[0x91][0xcc]W[0x11][0xae]{GV>=[0xdd][0xab];z[0x92]Va[0x89]@[0xd6][0xb2][0xc7][0xb4][0xc5][0xb]s[0x80][0x8b]T[0x9d]9[0x1][0xac][0x0][0xf7][0xa8][0xe9]Y[0xca][0x90]GIY[0xce]z[0xc7][0xc9][0xce]N[0x8e][0xcf][0x1c]'[0x1c][0xcd][0xf8]b[0xb9][0xa7]I[0xcd][0xad][0xe0]k[0xc0][0xbd][0xb0][0x6].k[0xc2]B[0xcb][0x17][0xe0][0xd7][0xba][0x8c][0xf]6)[0xcc][0xf4][0xeb][[0xa0]!x[0xfd][0xd4])V[0xc5][0xd5]`$[0xb7]C[0xd1]m[0x2][\n]" 
2023-07-12 23:44:58,849 DEBUG [main]  << "[0x0][0xc1][0x90][0xc1][0xc4][0x88][0xb5].G[0xd4]!\[0xad][0xd7][0xa7]q2[0xbd][0x9b][0x88][0xe0][0xa9][0xda]$[0xc2][0x97][0x95]H4[0x96]jyP[0xea][0xe4]M[0xbc]4F>[0xa6]B[0x9a]=[0xfc],[0x9b][0x97][0xad][0x1a][0xd9]Xv[0xaa]^k[0xab]wX[0xfc][0xc1][0x1b]u[0xa9][0x0]t[0xa4][0xca][0xf3][0xe4][0xc8][0xbc][0x9e][\n]" 
2023-07-12 23:44:58,849 DEBUG [main]  << "v[0xba]UC[0xa9]k[0x99][0xdd][0xdb][0xa0][0x95][0xc4]g[0x89]j[0xaa][0xa5]TD[0xf9]l[0x12][0x5][0x1][0xb6]J[0x5]N6[0x82][0x81][0xe9][0xa7]=[0xee]x[0xd7][0x90]=[0xdc][0xcb][0xcb]'[0x8b][0xda]?[0xb9][0xa8]f[0x9b][0x9a][0x95]0N[0x84][0xa3]$[0xd9][0x12]K:8[0xe3][0x7]Q@[0x85][0xec][0xcc][0x8f][0x16][0x16][0x8a][0xb3]*[0xe9]<[0xa7][0xc1][0xac]d[0xae][0xa9]'W[0xa0]4[0xcd]f[0xd7][0xb1]}[0xc7][0x12][0x10][0xd3][0xf7][0x1b]e&[0x1c][0x3][0x16][0x85][0x14]d[0xb]5[0xf6][0x9b][0xdf]`[0xba][0xe6][0x8b][0xb7][0xec]@[0xcd][0x3]][.S*[0xe0][0xec][0xde][0xc4]#;[0x10][0xa8][0xe5][0x1f][0xb7][0xaa]O[0xed][0xff][0x15]u[0xfe]J:[0x94]e[0xf4][0x83][0xe0] /L([0xdb]E[0xa2][0x80][0x83]Oo[0x89]3[0x80][0xa2][0x12][0xe6][0xbd][0xf9]w[0xcb][0xba][0x9e][0xc0][0xc3]B[0xf3]Kc#[0x11]^[0x8b][0xde]-*[0xf9][S[0xbf]_z[0x12][0xfb][0xff][0xa6][0xe2]4[0xb5][0x95][0x1b]-Y[0x9][0x8d]rc[0x95]j[0x13][0xcd][0xc5]^%[0x8a][0xbe][0x85][0x16]k[0xee][0xe2]l[0xd0]6^[0xa6]8[0xbf][0x92][0xdf][0x1f][0xa4][0xfc]&[0x1e]RRYz[0x8f]l3q[0xad][0xb9][0xc9][0xd8][0xe6][0xd6]+[0x81][0xfa][0xbe][0x4]*{[0xc2] :[0xc5][0x4][0xd1][0x85][0xde][0xf1][0xf5][0xe8][0xd9][[0x95]%*[0xd1]/[0x1][0xa9][0x8a]c[0x9a][0xf2]V[0xcb]B[0x11][0x8d][0xc6]M%[0x5][0x11][0xa2][0xa5][0xf3]e[0xf4]),[0xa9]J([0xf5]i[0x11]Q[0xf9][0x89][0xa8][0xca]8.U[0x8d][0xdc][\n]" 
2023-07-12 23:44:58,849 DEBUG [main]  << "[0xee][0xce])[0xad][0xe0][0xcc][0xf3][0xec][0x96]>yCt[0xc6][0xbc][0x1c])[0xd1][0x88][[0x1d]9[0xa9]F[0xea]6[0xe9]Y[0x93][0x8d][0xe8]tY[0x84][0xe4][0x0][0x1f][0xbd][0x14]_[0xac]t[0xd2][0xee][0xbb]D7a[0xae][0xe9][0x1e]Z4[0xd7][0x9b][0xea]d[0xec]V%[0xe2]&[0xa3]ny[0x1c]p[0xc8][0x83][0xee][0xa0][0xd1][0xdc][0xfc][0xf5][0x92]v~[0xab][0xd9][0x9f][0x12]^[0x8f]g[0xa6][0xa1]x[0x82]N[0xe2][0x8d][0xe1][0x0]f[0x85][0x19]mI[0xd4][0x1d][0xd5][0xad][0x12][0x1]P[0xa6][0xa0]U[0x92][0x1][0xc5][0x93]_[0xa3]$Hv[0xb5]"[0x83][0x91][0xc0]v[0x81][0xb5][0xe3][0x85][0x16]R[0x9b][0x8a][0xaf][0xe6][0xf3][0xa4][0xe8]s[0xf4]~[0xbd][0x19][0x9d]f[0xad]t[0xf7][0xd3][0xcf][0xb8][0xd5][0xb1]/[0xdb]}[0xcb][0xf4][0x7]7[0xf6][0x87][0x1d][0xc7][0xf2]_[0xdd][0xd4][0xf2][0xa3][0xbc][0xa9][0x85]n7V[0xf][0x7]xDw[0xae][0xd0]Sx[0xe8]y[0x9][0xf1]][0xf3][0xea]y[\n]" 
2023-07-12 23:44:58,849 DEBUG [main]  << "[0x1f][0xd2]Mv[0xf4][0xc][0x5]|[0xe6]P[0xf2][0xee][0xd0]Jw[0xd0]}[0x9f]'[0xa6][0xe3]o[0xc7]^[0xc7]4[0x8a]L[0xc6]I[0xfc][0xe][0x9f][0xfa][0xdd][0xa8]+[0xb1]D[0x83][0x5]rY[0xa4][0xc4]rB [0x9d][0x19][0xae]P[0xaf]\[0xe1][0xd2]'[0x1e]3[0x80][0xed]y[0xba][0xd6][0xa8]`[0xc5][0xab][0x1e]v[0x6][0xe7][0x0][0x9a][0x87][0xfd]q.[0x9f][0xe5]P[0xda][0xf8]?I[0xf]@[0x88]MYqA)[0x1a][0x87][0xbf]7[0x97][0xb6]J@[0x9a][0xfe][0xaf]p[0x87]0[0x18][0xc7][0xea][0xf4][0x8c][0xf][0xba]b[0x96]T_q"Y[0x9c][0xeb]`L[0x85][0x87]G[0x11][0x9a][0xbf][0xde][0xe4][0xda][0x7]`[0xab]oi[[0xa7][0xfe]F[0xbd][0x87][0xb7][0xaf][0xe3][0xfb][0xad][0xbb]+[0x8b]g[0xef][0x9d]l[0x9a][0xc5]([0x9f]$[0x80]WLa[0x19][0x11][0xe6][0xaa][0xe2]E[0xf7]Ml&[0xef][0xd5][0xdf]*[0xb3][0xda][0xea]hB[0x2][0x9e][0xb4][0xd2]h[0xc5][0xeb][0xf1]![0x85]:[0x9a][0xf3][0x89]1[0xba]|tM#[0xb9][0xb9][0x5]j[0x99][0x97][0x86]L[0x9]"[0x16]G=$X[0x89][0x5][0xc7][0xdd]"[0xd3][0xd7][0xd4]-[0xe4][0x85]'T[0xa6]5[0xab][0x92][0x80]SM[0xea][\n]" 
2023-07-12 23:44:58,849 DEBUG [main]  << "[0xb0][0x8b][0xe3]F[0xb5][0xaf]i[0xc7][0xb]$[0xb3][0xc6][0xe5][0xb5][0xe4][0xe3]:[0xca][0xeb]k[0xf8][0x9a][0xe5][0xbe][0x0]9[0xbe][0xaa][0xca]D[0xaf]t-2[0xe7]6[0xe1]#v[0xd6][0xf3][0xf6][0xee][0x89]>XK[0x8f][0xc0][0xfe]`[0x8]P[0x98]v[0xf8]f[0xdf][0x86][0xb0]o[0xe6]F[0xc1]4q[0x9c]eK[0xb9][0xdb][0x99][0x81][0x13][0x92][0x3]cm[0xda][0xe5]~d[0xb5]E[0xae][0xd0]S4[0x9c]k[0xf3][0xb3][0xf][0x92]adz[0x16][0xd9][0xe4][0x17][0xd1][0x83]!2[0xd1]s[0xb5]$4c[0xc6][0xc7]%9)/[0xf3]0[0xeb]'[0xa5][0xab][0xba]([0xc3][0xa4][0xb4]=[0xdd]L=[0xda][0xa1][0xfc][0x1e][0x8f]W[0xee][0xe1][0x95]{8[0x8e]{H[0xc9][0xa1]Z[0xfa]M[0x99][0xbd][0xaa][0xe7][0x88][0x1c]}O)[0xd0]<[\r][0x14][0xe2][0xc2][0xa9][0xb][0xcc][0xd3][0x9c]L@[0x91][0xca][0xcc][0xb2]rI[0xd6][0xa2]c[0x8d][0xbc]#f[0xd7]J[0x0][0x9b][0x9b][0xe1][0x3][0xed][0xf0][0xf3][0xf0]wZ[0xf8][0xbf][0x87]_[0x84][0x1f]m5I~[0xb5][0xe5][0x85]Ig[0x97][0x97][0x15][0xd6][0xe7][0x95][0x90][0x9e]P[0xd9][0x83][0xbc]c[0xa4][0x9][0x14][0x13][0x81][0xdf][0xe4][0xbd][0x95][0xd5][0xce][0xf2][0xf9][0xa5][0xe6][0xf6][0x9d][0x91][0xf0][0xf6][0xf5]m[0x9f][0xee]n[0x88][0xa6][0xe6]M9[0xbf][0xca][0xcf]-[0xad].[0x89][0xe6][0xbe]if[0xc7][0xd3][0x1f][0xa0][0xc8][0xfe][0x9d][0x9f][0xe8]![0xdc][0xae]5[0xea][0x9b]v[0xb3][0xe3]8[0x1][0xfa]][0x97][0xfe]<P[0xfc]I[0x1f][0x9a]6[0xfd][0x9d][0xa0][0x8a]`z[0x90][0xdd]h|W[0xf8][0xce]P[0x10][0xa4][0xe4][0x85]$[0xb0][0xd4][0x1e]&p[0xd8][0xce][0xa2][0x90][0xb7]#[0xb9]r[0xf4]7U[0xba][0x86][0xbd][0xed][0xa3]+[0x18][0x19]=[0xb]\[0xb][0xfd]=[0x15],z7-[0xb3][0xe3][0xab]g[0x83][0xae]4W[0xf5]%[0xfd][0xac][0xe6]u[0xf5]%[0xf9]w[0x90][0xe4][0xe5][0x18][0xb3][0xc9][0xfd]53[0xc8][0x1e]}[0xbd][0xed][0xf4]r[0xe9]-[0x81]@[0xc8][0xbf][0xb7][0xb4][0xde][0x94]Y[0xeb][0xff][0x0]w[0x9][0xd4]kjk[0x0][0x0]" 
2023-07-12 23:44:58,849 DEBUG [main]  << "[\r][\n]" 
2023-07-12 23:44:58,849 DEBUG [main]  << "0[\r][\n]" 
2023-07-12 23:44:58,850 DEBUG [main]  << "[\r][\n]" 
2023-07-12 23:44:58,850 DEBUG [main] Parsed data to instance of: class org.apache.http.conn.EofSensorInputStream 
2023-07-12 23:44:58,850 DEBUG [main] Releasing connection org.apache.http.impl.conn.ManagedClientConnectionImpl@26b150cd 
2023-07-12 23:44:58,850 DEBUG [main] Connection can be kept alive indefinitely 
2023-07-12 23:44:58,855 INFO [main] Authorization was successful 
2023-07-12 23:45:00,206 DEBUG [Finalizer] Connection 0.0.0.0:1317<->78.155.217.146:443 closed 
2023-07-12 23:45:00,207 DEBUG [Finalizer] Connection 0.0.0.0:1318<->78.155.217.146:443 closed 
2023-07-12 23:45:00,346 DEBUG [Finalizer] Connection 0.0.0.0:1316<->78.155.217.146:443 closed 
2023-07-12 23:45:10,574 INFO [main] File 'D:/alfa.notebook-store/src/main/resources/config.properties' has been loaded 
2023-07-12 23:45:10,574 INFO [main] Property 'url' has value 'https://enotes.pointschool.ru' 
2023-07-12 23:45:10,600 DEBUG [main] Get connection for route {s}->https://enotes.pointschool.ru:443 
2023-07-12 23:45:10,600 DEBUG [main] Connecting to enotes.pointschool.ru:443 
2023-07-12 23:45:10,890 DEBUG [main] CookieSpec selected: ignoreCookies 
2023-07-12 23:45:10,890 DEBUG [main] Auth cache not set in the context 
2023-07-12 23:45:10,890 DEBUG [main] Target auth state: UNCHALLENGED 
2023-07-12 23:45:10,892 DEBUG [main] Proxy auth state: UNCHALLENGED 
2023-07-12 23:45:10,892 DEBUG [main] Attempt 1 to execute request 
2023-07-12 23:45:10,892 DEBUG [main] Sending request: POST /basket/clear HTTP/1.1 
2023-07-12 23:45:10,892 DEBUG [main]  >> "POST /basket/clear HTTP/1.1[\r][\n]" 
2023-07-12 23:45:10,893 DEBUG [main]  >> "Content-Type: application/x-www-form-urlencoded; charset=ISO-8859-1[\r][\n]" 
2023-07-12 23:45:10,893 DEBUG [main]  >> "Cookie: Cookie=PHPSESSID=adf7f668ba7ecf684c44ad1532e5237d; _csrf=ac65f047f7ea0343e73e156d5f8c25c726786aacd66e05b69ce9560664c36685a%3A2%3A%7Bi%3A0%3Bs%3A5%3A%22_csrf%22%3Bi%3A1%3Bs%3A32%3A%22STqrU7H8alyn0q3N-KXcXdxxDtZnPwXw%22%3B%7D[\r][\n]" 
2023-07-12 23:45:10,893 DEBUG [main]  >> "X-Requested-With: XMLHttpRequest[\r][\n]" 
2023-07-12 23:45:10,894 DEBUG [main]  >> "Accept: */*[\r][\n]" 
2023-07-12 23:45:10,894 DEBUG [main]  >> "X-Csrf-Token: QpsZ1G6FCa5OC3nV76sxnmoMKkFgN6Pyf6Ek1iigXt0Rz2imO7JBli9nALvf2gLQR0dyIjhT24o71X64eNcGqg==[\r][\n]" 
2023-07-12 23:45:10,894 DEBUG [main]  >> "Content-Length: 0[\r][\n]" 
2023-07-12 23:45:10,894 DEBUG [main]  >> "Host: enotes.pointschool.ru[\r][\n]" 
2023-07-12 23:45:10,894 DEBUG [main]  >> "Connection: Keep-Alive[\r][\n]" 
2023-07-12 23:45:10,895 DEBUG [main]  >> "User-Agent: Apache-HttpClient/4.5.13 (Java/11.0.15)[\r][\n]" 
2023-07-12 23:45:10,896 DEBUG [main]  >> "Accept-Encoding: gzip,deflate[\r][\n]" 
2023-07-12 23:45:10,896 DEBUG [main]  >> "[\r][\n]" 
2023-07-12 23:45:10,896 DEBUG [main] >> POST /basket/clear HTTP/1.1 
2023-07-12 23:45:10,896 DEBUG [main] >> Content-Type: application/x-www-form-urlencoded; charset=ISO-8859-1 
2023-07-12 23:45:10,896 DEBUG [main] >> Cookie: Cookie=PHPSESSID=adf7f668ba7ecf684c44ad1532e5237d; _csrf=ac65f047f7ea0343e73e156d5f8c25c726786aacd66e05b69ce9560664c36685a%3A2%3A%7Bi%3A0%3Bs%3A5%3A%22_csrf%22%3Bi%3A1%3Bs%3A32%3A%22STqrU7H8alyn0q3N-KXcXdxxDtZnPwXw%22%3B%7D 
2023-07-12 23:45:10,897 DEBUG [main] >> X-Requested-With: XMLHttpRequest 
2023-07-12 23:45:10,897 DEBUG [main] >> Accept: */* 
2023-07-12 23:45:10,897 DEBUG [main] >> X-Csrf-Token: QpsZ1G6FCa5OC3nV76sxnmoMKkFgN6Pyf6Ek1iigXt0Rz2imO7JBli9nALvf2gLQR0dyIjhT24o71X64eNcGqg== 
2023-07-12 23:45:10,897 DEBUG [main] >> Content-Length: 0 
2023-07-12 23:45:10,897 DEBUG [main] >> Host: enotes.pointschool.ru 
2023-07-12 23:45:10,897 DEBUG [main] >> Connection: Keep-Alive 
2023-07-12 23:45:10,897 DEBUG [main] >> User-Agent: Apache-HttpClient/4.5.13 (Java/11.0.15) 
2023-07-12 23:45:10,897 DEBUG [main] >> Accept-Encoding: gzip,deflate 
2023-07-12 23:45:11,016 DEBUG [main]  << "HTTP/1.1 200 OK[\r][\n]" 
2023-07-12 23:45:11,017 DEBUG [main]  << "Server: nginx[\r][\n]" 
2023-07-12 23:45:11,017 DEBUG [main]  << "Date: Wed, 12 Jul 2023 20:44:33 GMT[\r][\n]" 
2023-07-12 23:45:11,017 DEBUG [main]  << "Content-Type: application/json; charset=UTF-8[\r][\n]" 
2023-07-12 23:45:11,017 DEBUG [main]  << "Transfer-Encoding: chunked[\r][\n]" 
2023-07-12 23:45:11,018 DEBUG [main]  << "Connection: keep-alive[\r][\n]" 
2023-07-12 23:45:11,018 DEBUG [main]  << "Vary: Accept-Encoding[\r][\n]" 
2023-07-12 23:45:11,018 DEBUG [main]  << "X-Powered-By: PHP/7.2.34[\r][\n]" 
2023-07-12 23:45:11,018 DEBUG [main]  << "Content-Encoding: gzip[\r][\n]" 
2023-07-12 23:45:11,018 DEBUG [main]  << "[\r][\n]" 
2023-07-12 23:45:11,018 DEBUG [main] Receiving response: HTTP/1.1 200 OK 
2023-07-12 23:45:11,019 DEBUG [main] << HTTP/1.1 200 OK 
2023-07-12 23:45:11,019 DEBUG [main] << Server: nginx 
2023-07-12 23:45:11,019 DEBUG [main] << Date: Wed, 12 Jul 2023 20:44:33 GMT 
2023-07-12 23:45:11,019 DEBUG [main] << Content-Type: application/json; charset=UTF-8 
2023-07-12 23:45:11,019 DEBUG [main] << Transfer-Encoding: chunked 
2023-07-12 23:45:11,019 DEBUG [main] << Connection: keep-alive 
2023-07-12 23:45:11,019 DEBUG [main] << Vary: Accept-Encoding 
2023-07-12 23:45:11,020 DEBUG [main] << X-Powered-By: PHP/7.2.34 
2023-07-12 23:45:11,020 DEBUG [main] << Content-Encoding: gzip 
2023-07-12 23:45:11,020 DEBUG [main] Connection can be kept alive indefinitely 
2023-07-12 23:45:11,021 DEBUG [main] Parsing response as: application/json; charset=UTF-8 
2023-07-12 23:45:11,021 DEBUG [main]  << "25[\r][\n]" 
2023-07-12 23:45:11,021 DEBUG [main]  << "[0x1f][0x8b][0x8][0x0][0x0][0x0][0x0][0x0][0x0][0x3][0xab]V*J-.[0xc8][0xcf]+NU[0xb2]*)*M[0xad][0x5][0x0]As[0x1a][0x4][0x11][0x0][0x0][0x0]" 
2023-07-12 23:45:11,022 DEBUG [main]  << "[\r][\n]" 
2023-07-12 23:45:11,022 DEBUG [main]  << "0[\r][\n]" 
2023-07-12 23:45:11,022 DEBUG [main]  << "[\r][\n]" 
2023-07-12 23:45:11,022 DEBUG [main] Parsed data to instance of: class org.apache.http.conn.EofSensorInputStream 
2023-07-12 23:45:11,049 DEBUG [main] Get connection for route {s}->https://enotes.pointschool.ru:443 
2023-07-12 23:45:11,049 DEBUG [main] Connecting to enotes.pointschool.ru:443 
2023-07-12 23:45:11,458 DEBUG [main] CookieSpec selected: ignoreCookies 
2023-07-12 23:45:11,458 DEBUG [main] Auth cache not set in the context 
2023-07-12 23:45:11,459 DEBUG [main] Target auth state: UNCHALLENGED 
2023-07-12 23:45:11,459 DEBUG [main] Proxy auth state: UNCHALLENGED 
2023-07-12 23:45:11,459 DEBUG [main] Attempt 1 to execute request 
2023-07-12 23:45:11,459 DEBUG [main] Sending request: POST /basket/get HTTP/1.1 
2023-07-12 23:45:11,459 DEBUG [main]  >> "POST /basket/get HTTP/1.1[\r][\n]" 
2023-07-12 23:45:11,459 DEBUG [main]  >> "Content-Type: application/x-www-form-urlencoded; charset=ISO-8859-1[\r][\n]" 
2023-07-12 23:45:11,460 DEBUG [main]  >> "Cookie: Cookie=PHPSESSID=adf7f668ba7ecf684c44ad1532e5237d; _csrf=ac65f047f7ea0343e73e156d5f8c25c726786aacd66e05b69ce9560664c36685a%3A2%3A%7Bi%3A0%3Bs%3A5%3A%22_csrf%22%3Bi%3A1%3Bs%3A32%3A%22STqrU7H8alyn0q3N-KXcXdxxDtZnPwXw%22%3B%7D[\r][\n]" 
2023-07-12 23:45:11,460 DEBUG [main]  >> "X-Requested-With: XMLHttpRequest[\r][\n]" 
2023-07-12 23:45:11,460 DEBUG [main]  >> "Accept: */*[\r][\n]" 
2023-07-12 23:45:11,461 DEBUG [main]  >> "X-Csrf-Token: QpsZ1G6FCa5OC3nV76sxnmoMKkFgN6Pyf6Ek1iigXt0Rz2imO7JBli9nALvf2gLQR0dyIjhT24o71X64eNcGqg==[\r][\n]" 
2023-07-12 23:45:11,461 DEBUG [main]  >> "Content-Length: 0[\r][\n]" 
2023-07-12 23:45:11,462 DEBUG [main]  >> "Host: enotes.pointschool.ru[\r][\n]" 
2023-07-12 23:45:11,462 DEBUG [main]  >> "Connection: Keep-Alive[\r][\n]" 
2023-07-12 23:45:11,462 DEBUG [main]  >> "User-Agent: Apache-HttpClient/4.5.13 (Java/11.0.15)[\r][\n]" 
2023-07-12 23:45:11,462 DEBUG [main]  >> "Accept-Encoding: gzip,deflate[\r][\n]" 
2023-07-12 23:45:11,462 DEBUG [main]  >> "[\r][\n]" 
2023-07-12 23:45:11,462 DEBUG [main] >> POST /basket/get HTTP/1.1 
2023-07-12 23:45:11,462 DEBUG [main] >> Content-Type: application/x-www-form-urlencoded; charset=ISO-8859-1 
2023-07-12 23:45:11,463 DEBUG [main] >> Cookie: Cookie=PHPSESSID=adf7f668ba7ecf684c44ad1532e5237d; _csrf=ac65f047f7ea0343e73e156d5f8c25c726786aacd66e05b69ce9560664c36685a%3A2%3A%7Bi%3A0%3Bs%3A5%3A%22_csrf%22%3Bi%3A1%3Bs%3A32%3A%22STqrU7H8alyn0q3N-KXcXdxxDtZnPwXw%22%3B%7D 
2023-07-12 23:45:11,463 DEBUG [main] >> X-Requested-With: XMLHttpRequest 
2023-07-12 23:45:11,463 DEBUG [main] >> Accept: */* 
2023-07-12 23:45:11,464 DEBUG [main] >> X-Csrf-Token: QpsZ1G6FCa5OC3nV76sxnmoMKkFgN6Pyf6Ek1iigXt0Rz2imO7JBli9nALvf2gLQR0dyIjhT24o71X64eNcGqg== 
2023-07-12 23:45:11,464 DEBUG [main] >> Content-Length: 0 
2023-07-12 23:45:11,464 DEBUG [main] >> Host: enotes.pointschool.ru 
2023-07-12 23:45:11,464 DEBUG [main] >> Connection: Keep-Alive 
2023-07-12 23:45:11,464 DEBUG [main] >> User-Agent: Apache-HttpClient/4.5.13 (Java/11.0.15) 
2023-07-12 23:45:11,464 DEBUG [main] >> Accept-Encoding: gzip,deflate 
2023-07-12 23:45:11,569 DEBUG [main]  << "HTTP/1.1 200 OK[\r][\n]" 
2023-07-12 23:45:11,570 DEBUG [main]  << "Server: nginx[\r][\n]" 
2023-07-12 23:45:11,570 DEBUG [main]  << "Date: Wed, 12 Jul 2023 20:44:34 GMT[\r][\n]" 
2023-07-12 23:45:11,570 DEBUG [main]  << "Content-Type: application/json; charset=UTF-8[\r][\n]" 
2023-07-12 23:45:11,570 DEBUG [main]  << "Transfer-Encoding: chunked[\r][\n]" 
2023-07-12 23:45:11,570 DEBUG [main]  << "Connection: keep-alive[\r][\n]" 
2023-07-12 23:45:11,570 DEBUG [main]  << "Vary: Accept-Encoding[\r][\n]" 
2023-07-12 23:45:11,570 DEBUG [main]  << "X-Powered-By: PHP/7.2.34[\r][\n]" 
2023-07-12 23:45:11,570 DEBUG [main]  << "Content-Encoding: gzip[\r][\n]" 
2023-07-12 23:45:11,570 DEBUG [main]  << "[\r][\n]" 
2023-07-12 23:45:11,570 DEBUG [main] Receiving response: HTTP/1.1 200 OK 
2023-07-12 23:45:11,571 DEBUG [main] << HTTP/1.1 200 OK 
2023-07-12 23:45:11,571 DEBUG [main] << Server: nginx 
2023-07-12 23:45:11,571 DEBUG [main] << Date: Wed, 12 Jul 2023 20:44:34 GMT 
2023-07-12 23:45:11,571 DEBUG [main] << Content-Type: application/json; charset=UTF-8 
2023-07-12 23:45:11,571 DEBUG [main] << Transfer-Encoding: chunked 
2023-07-12 23:45:11,571 DEBUG [main] << Connection: keep-alive 
2023-07-12 23:45:11,571 DEBUG [main] << Vary: Accept-Encoding 
2023-07-12 23:45:11,571 DEBUG [main] << X-Powered-By: PHP/7.2.34 
2023-07-12 23:45:11,571 DEBUG [main] << Content-Encoding: gzip 
2023-07-12 23:45:11,571 DEBUG [main] Connection can be kept alive indefinitely 
2023-07-12 23:45:11,571 DEBUG [main] Parsing response as: application/json; charset=UTF-8 
2023-07-12 23:45:11,571 DEBUG [main]  << "42[\r][\n]" 
2023-07-12 23:45:11,571 DEBUG [main]  << "[0x1f][0x8b][0x8][0x0][0x0][0x0][0x0][0x0][0x0][0x3][0xab]V*J-.[0xc8][0xcf]+NU[0xb2]*)*M[0xd5]QJJ,[0xce]N-Q[0xb2][0x8a][0x8e][0x85][0xb1][0x9d][0xf3]K[0xf3][0x80][0x2][0x6]0~@Qf2P[0xb9]A-[0x0]u[0x9f][0x9e]|=[0x0][0x0][0x0]" 
2023-07-12 23:45:11,571 DEBUG [main]  << "[\r][\n]" 
2023-07-12 23:45:11,571 DEBUG [main]  << "0[\r][\n]" 
2023-07-12 23:45:11,571 DEBUG [main]  << "[\r][\n]" 
2023-07-12 23:45:11,571 DEBUG [main] Parsed data to instance of: class org.apache.http.conn.EofSensorInputStream 
2023-07-12 23:45:11,576 DEBUG [main] Releasing connection org.apache.http.impl.conn.ManagedClientConnectionImpl@fb79241 
2023-07-12 23:45:11,576 DEBUG [main] Connection can be kept alive indefinitely 
2023-07-12 23:45:11,580 DEBUG [main] Releasing connection org.apache.http.impl.conn.ManagedClientConnectionImpl@520b547c 
2023-07-12 23:45:11,580 DEBUG [main] Connection can be kept alive indefinitely 
2023-07-12 23:45:12,154 TRACE [main] [Button] Is visible - <i class="basket_icon fa fa-shopping-basket mr-2"></i> 
2023-07-12 23:45:12,566 DEBUG [Finalizer] Connection 0.0.0.0:1348<->78.155.217.146:443 closed 
2023-07-12 23:45:12,568 DEBUG [Finalizer] Connection 0.0.0.0:1347<->78.155.217.146:443 closed 
2023-07-12 23:45:12,986 TRACE [main] [Button] Click - <i class="basket_icon fa fa-shopping-basket mr-2"></i> 
2023-07-12 23:45:18,406 TRACE [main] [Label] Is visible - <div aria-labelledby="dropdownBasket" class="dropdown-menu dropdown-menu-right show"> 
- 285 .
1
  : 285
  
 </div> 
2023-07-12 23:45:18,462 INFO [main] =============================================== 
2023-07-12 23:45:18,465 INFO [main] Finish web scenario 'check that the user can navigate to an empty basket dropdown', status: PASSED 
2023-07-12 23:45:18,465 INFO [main] =============================================== 
2023-07-12 23:45:19,099 INFO [main] Disconnected from database successfully 
